TN:
SF:home/david/impargo/impargo-apps/src/Helmet.tsx
FN:6,(anonymous_0)
FNF:1
FNH:1
FNDA:2,(anonymous_0)
DA:2,1
DA:3,1
DA:4,1
DA:6,1
DA:7,2
DA:8,2
LF:6
LH:6
BRDA:10,0,0,1
BRDA:10,0,1,1
BRDA:11,1,0,1
BRDA:11,1,1,1
BRF:4
BRH:4
end_of_record
TN:
SF:home/david/impargo/impargo-apps/src/app.tsx
FN:5,(anonymous_1)
FNF:1
FNH:0
FNDA:0,(anonymous_1)
DA:2,0
DA:3,0
DA:5,0
DA:7,0
LF:4
LH:0
BRF:0
BRH:0
end_of_record
TN:
SF:home/david/impargo/impargo-apps/src/browser_history.js
FN:6,(anonymous_1)
FNF:1
FNH:1
FNDA:4,(anonymous_1)
DA:1,29
DA:2,29
DA:4,29
DA:6,29
DA:7,4
DA:8,4
DA:11,29
LF:7
LH:7
BRF:0
BRH:0
end_of_record
TN:
SF:home/david/impargo/impargo-apps/src/declare.d.ts
FNF:0
FNH:0
LF:0
LH:0
BRF:0
BRH:0
end_of_record
TN:
SF:home/david/impargo/impargo-apps/src/emotion.d.ts
FNF:0
FNH:0
LF:0
LH:0
BRF:0
BRH:0
end_of_record
TN:
SF:home/david/impargo/impargo-apps/src/graphql_client.ts
FN:43,(anonymous_0)
FN:62,(anonymous_1)
FN:68,(anonymous_2)
FN:78,(anonymous_3)
FN:86,(anonymous_4)
FN:97,(anonymous_5)
FN:118,(anonymous_6)
FNF:7
FNH:1
FNDA:0,(anonymous_0)
FNDA:0,(anonymous_1)
FNDA:0,(anonymous_2)
FNDA:0,(anonymous_3)
FNDA:2,(anonymous_4)
FNDA:0,(anonymous_5)
FNDA:0,(anonymous_6)
DA:1,2
DA:2,2
DA:3,2
DA:4,2
DA:5,2
DA:6,2
DA:7,2
DA:8,2
DA:9,2
DA:10,2
DA:11,2
DA:12,2
DA:13,2
DA:14,2
DA:17,2
DA:18,2
DA:20,2
DA:21,2
DA:22,2
DA:25,2
DA:27,2
DA:40,2
DA:43,2
DA:44,0
DA:45,0
DA:46,0
DA:48,0
DA:49,0
DA:52,0
DA:53,0
DA:62,2
DA:63,0
DA:64,0
DA:68,2
DA:69,0
DA:70,0
DA:78,2
DA:80,0
DA:81,0
DA:84,2
DA:86,2
DA:87,2
DA:88,0
DA:93,2
DA:97,0
DA:103,2
DA:105,2
DA:110,2
DA:119,0
DA:120,0
DA:122,0
DA:123,0
DA:125,0
DA:139,2
DA:141,2
DA:146,2
LF:56
LH:36
BRDA:20,0,0,2
BRDA:20,0,1,0
BRDA:44,1,0,0
BRDA:44,1,1,0
BRDA:47,2,0,0
BRDA:47,2,1,0
BRDA:47,2,2,0
BRDA:46,3,0,0
BRDA:46,3,1,0
BRDA:46,4,0,0
BRDA:46,4,1,0
BRDA:63,5,0,0
BRDA:63,5,1,0
BRDA:72,6,0,0
BRDA:72,6,1,0
BRDA:81,7,0,0
BRDA:81,7,1,0
BRDA:87,8,0,0
BRDA:87,8,1,2
BRDA:98,9,0,0
BRDA:98,9,1,0
BRDA:119,10,0,0
BRDA:119,10,1,0
BRDA:119,11,0,0
BRDA:119,11,1,0
BRDA:119,12,0,0
BRDA:119,12,1,0
BRDA:119,13,0,0
BRDA:119,13,1,0
BRDA:119,14,0,0
BRDA:119,14,1,0
BRDA:122,15,0,0
BRDA:122,15,1,0
BRDA:122,16,0,0
BRDA:122,16,1,0
BRDA:122,17,0,0
BRDA:122,17,1,0
BRDA:122,18,0,0
BRDA:122,18,1,0
BRDA:122,19,0,0
BRDA:122,19,1,0
BRF:41
BRH:2
end_of_record
TN:
SF:home/david/impargo/impargo-apps/src/index.tsx
FN:3,(anonymous_7)
FN:6,(anonymous_8)
FNF:2
FNH:0
FNDA:0,(anonymous_7)
FNDA:0,(anonymous_8)
DA:1,0
DA:2,0
DA:3,0
DA:6,0
DA:7,0
LF:5
LH:0
BRF:0
BRH:0
end_of_record
TN:
SF:home/david/impargo/impargo-apps/src/initialize.ts
FN:7,(anonymous_14)
FN:8,(anonymous_15)
FN:9,(anonymous_16)
FN:14,(anonymous_17)
FN:14,(anonymous_18)
FN:25,(anonymous_19)
FN:39,(anonymous_20)
FNF:7
FNH:0
FNDA:0,(anonymous_14)
FNDA:0,(anonymous_15)
FNDA:0,(anonymous_16)
FNDA:0,(anonymous_17)
FNDA:0,(anonymous_18)
FNDA:0,(anonymous_19)
FNDA:0,(anonymous_20)
DA:1,0
DA:2,0
DA:3,0
DA:4,0
DA:5,0
DA:6,0
DA:7,0
DA:8,0
DA:9,0
DA:11,0
DA:13,0
DA:14,0
DA:15,0
DA:16,0
DA:17,0
DA:24,0
DA:25,0
DA:26,0
DA:27,0
DA:31,0
DA:32,0
DA:36,0
DA:39,0
DA:42,0
DA:43,0
DA:45,0
DA:49,0
LF:27
LH:0
BRDA:13,0,0,0
BRDA:13,0,1,0
BRDA:13,1,0,0
BRDA:13,1,1,0
BRDA:26,2,0,0
BRDA:26,2,1,0
BRDA:26,3,0,0
BRDA:26,3,1,0
BRDA:31,4,0,0
BRDA:31,4,1,0
BRDA:31,5,0,0
BRDA:31,5,1,0
BRDA:31,5,2,0
BRDA:42,6,0,0
BRDA:42,6,1,0
BRF:15
BRH:0
end_of_record
TN:
SF:home/david/impargo/impargo-apps/src/inject.tsx
FN:13,(anonymous_1)
FN:13,(anonymous_2)
FN:14,(anonymous_3)
FN:14,(anonymous_4)
FN:14,(anonymous_5)
FN:18,(anonymous_6)
FNF:6
FNH:0
FNDA:0,(anonymous_1)
FNDA:0,(anonymous_2)
FNDA:0,(anonymous_3)
FNDA:0,(anonymous_4)
FNDA:0,(anonymous_5)
FNDA:0,(anonymous_6)
DA:1,0
DA:2,0
DA:3,0
DA:4,0
DA:5,0
DA:6,0
DA:7,0
DA:8,0
DA:9,0
DA:10,0
DA:11,0
DA:13,0
DA:14,0
DA:18,0
DA:19,0
DA:31,0
LF:16
LH:0
BRF:0
BRH:0
end_of_record
TN:
SF:home/david/impargo/impargo-apps/src/loggedInRoutes.tsx
FN:37,(anonymous_1)
FN:60,(anonymous_2)
FN:78,(anonymous_3)
FN:85,(anonymous_4)
FN:97,(anonymous_5)
FN:112,(anonymous_6)
FN:123,(anonymous_7)
FN:148,(anonymous_8)
FN:152,(anonymous_9)
FNF:9
FNH:0
FNDA:0,(anonymous_1)
FNDA:0,(anonymous_2)
FNDA:0,(anonymous_3)
FNDA:0,(anonymous_4)
FNDA:0,(anonymous_5)
FNDA:0,(anonymous_6)
FNDA:0,(anonymous_7)
FNDA:0,(anonymous_8)
FNDA:0,(anonymous_9)
DA:1,0
DA:2,0
DA:3,0
DA:4,0
DA:5,0
DA:6,0
DA:7,0
DA:8,0
DA:9,0
DA:10,0
DA:11,0
DA:12,0
DA:13,0
DA:14,0
DA:15,0
DA:16,0
DA:17,0
DA:33,0
DA:34,0
DA:35,0
DA:37,0
DA:61,0
DA:78,0
DA:86,0
DA:97,0
DA:112,0
DA:123,0
DA:148,0
DA:152,0
DA:159,0
LF:30
LH:0
BRDA:86,0,0,0
BRDA:86,0,1,0
BRF:2
BRH:0
end_of_record
TN:
SF:home/david/impargo/impargo-apps/src/navigation.tsx
FN:24,(anonymous_2)
FN:32,(anonymous_3)
FN:33,(anonymous_4)
FNF:3
FNH:3
FNDA:5,(anonymous_2)
FNDA:5,(anonymous_3)
FNDA:5,(anonymous_4)
DA:1,1
DA:2,1
DA:3,1
DA:4,1
DA:5,1
DA:6,1
DA:7,1
DA:8,1
DA:9,1
DA:10,1
DA:11,1
DA:12,1
DA:14,1
DA:24,1
DA:27,5
DA:28,5
DA:30,5
DA:31,5
DA:32,5
DA:33,5
DA:34,5
DA:35,5
DA:37,5
DA:38,2
DA:50,3
DA:86,1
LF:26
LH:26
BRDA:32,0,0,5
BRDA:32,0,1,4
BRDA:37,1,0,2
BRDA:37,1,1,3
BRDA:68,2,0,3
BRDA:68,2,1,3
BRF:6
BRH:6
end_of_record
TN:
SF:home/david/impargo/impargo-apps/src/routes.tsx
FN:24,(anonymous_7)
FN:25,(anonymous_8)
FN:28,(anonymous_9)
FN:37,(anonymous_10)
FN:45,(anonymous_11)
FN:53,(anonymous_12)
FN:61,(anonymous_13)
FN:69,(anonymous_14)
FN:81,(anonymous_15)
FN:81,(anonymous_16)
FN:87,(anonymous_17)
FNF:11
FNH:0
FNDA:0,(anonymous_7)
FNDA:0,(anonymous_8)
FNDA:0,(anonymous_9)
FNDA:0,(anonymous_10)
FNDA:0,(anonymous_11)
FNDA:0,(anonymous_12)
FNDA:0,(anonymous_13)
FNDA:0,(anonymous_14)
FNDA:0,(anonymous_15)
FNDA:0,(anonymous_16)
FNDA:0,(anonymous_17)
DA:1,0
DA:2,0
DA:3,0
DA:4,0
DA:5,0
DA:6,0
DA:7,0
DA:8,0
DA:19,0
DA:20,0
DA:21,0
DA:22,0
DA:24,0
DA:25,0
DA:28,0
DA:29,0
DA:38,0
DA:39,0
DA:40,0
DA:46,0
DA:54,0
DA:62,0
DA:70,0
DA:81,0
DA:87,0
DA:95,0
LF:26
LH:0
BRF:0
BRH:0
end_of_record
TN:
SF:home/david/impargo/impargo-apps/src/sentry.ts
FN:6,(anonymous_6)
FN:24,(anonymous_7)
FN:66,(anonymous_8)
FNF:3
FNH:1
FNDA:0,(anonymous_6)
FNDA:0,(anonymous_7)
FNDA:1,(anonymous_8)
DA:1,1
DA:2,1
DA:3,1
DA:5,1
DA:6,0
DA:8,0
DA:20,0
DA:25,0
DA:26,0
DA:28,0
DA:29,0
DA:30,0
DA:32,0
DA:33,0
DA:35,0
DA:66,1
LF:16
LH:5
BRDA:5,0,0,0
BRDA:5,0,1,1
BRDA:5,1,0,1
BRDA:5,1,1,0
BRDA:25,2,0,0
BRDA:25,2,1,0
BRDA:25,3,0,0
BRDA:25,3,1,0
BRDA:25,4,0,0
BRDA:25,4,1,0
BRDA:29,5,0,0
BRDA:29,5,1,0
BRDA:29,6,0,0
BRDA:29,6,1,0
BRDA:32,7,0,0
BRDA:32,7,1,0
BRDA:32,8,0,0
BRDA:32,8,1,0
BRF:18
BRH:2
end_of_record
TN:
SF:home/david/impargo/impargo-apps/src/service_worker.js
FN:36,(anonymous_0)
FNF:1
FNH:0
FNDA:0,(anonymous_0)
DA:2,0
DA:3,0
DA:4,0
DA:5,0
DA:6,0
DA:8,0
DA:9,0
DA:16,0
DA:18,0
DA:19,0
DA:21,0
DA:22,0
DA:25,0
DA:26,0
DA:28,0
DA:36,0
DA:37,0
DA:39,0
LF:18
LH:0
BRDA:18,0,0,0
BRDA:18,0,1,0
BRDA:37,1,0,0
BRDA:37,1,1,0
BRDA:39,2,0,0
BRDA:39,2,1,0
BRF:6
BRH:0
end_of_record
TN:
SF:home/david/impargo/impargo-apps/src/translator.ts
FN:11,(anonymous_1)
FN:47,(anonymous_2)
FNF:2
FNH:2
FNDA:12378,(anonymous_1)
FNDA:2,(anonymous_2)
DA:1,254
DA:2,254
DA:3,254
DA:4,254
DA:11,254
DA:12,12378
DA:13,0
DA:15,12378
DA:16,0
DA:18,12378
DA:21,254
DA:47,254
DA:48,2
DA:58,2
DA:66,254
DA:69,254
DA:70,0
DA:72,254
DA:73,254
LF:19
LH:16
BRDA:12,0,0,0
BRDA:12,0,1,12378
BRDA:15,1,0,0
BRDA:15,1,1,12378
BRDA:66,2,0,254
BRDA:66,2,1,254
BRDA:69,3,0,0
BRDA:69,3,1,254
BRF:8
BRH:5
end_of_record
TN:
SF:home/david/impargo/impargo-apps/src/Alerts/AlertDisplayer.tsx
FN:17,(anonymous_0)
FNF:1
FNH:1
FNDA:3,(anonymous_0)
DA:1,1
DA:17,1
DA:18,3
DA:29,1
LF:4
LH:4
BRF:0
BRH:0
end_of_record
TN:
SF:home/david/impargo/impargo-apps/src/Alerts/InviteExistingUserAlert.tsx
FN:14,(anonymous_1)
FN:19,(anonymous_2)
FN:22,(anonymous_3)
FNF:3
FNH:1
FNDA:3,(anonymous_1)
FNDA:0,(anonymous_2)
FNDA:0,(anonymous_3)
DA:1,1
DA:2,1
DA:3,1
DA:4,1
DA:5,1
DA:6,1
DA:7,1
DA:8,1
DA:9,1
DA:10,1
DA:11,1
DA:12,1
DA:14,1
DA:15,3
DA:16,3
DA:17,3
DA:18,3
DA:19,3
DA:20,0
DA:22,3
DA:23,0
DA:24,0
DA:26,3
DA:27,3
DA:30,0
LF:25
LH:21
BRDA:26,0,0,3
BRDA:26,0,1,0
BRF:2
BRH:1
end_of_record
TN:
SF:home/david/impargo/impargo-apps/src/Alerts/NonVerifiedUserAlert.tsx
FN:21,(anonymous_8)
FN:22,(anonymous_9)
FN:29,(anonymous_10)
FN:36,(anonymous_11)
FN:37,(anonymous_12)
FN:40,(anonymous_13)
FN:40,(anonymous_14)
FN:54,(anonymous_15)
FNF:8
FNH:7
FNDA:11,(anonymous_8)
FNDA:1,(anonymous_9)
FNDA:11,(anonymous_10)
FNDA:1,(anonymous_11)
FNDA:0,(anonymous_12)
FNDA:1,(anonymous_13)
FNDA:1,(anonymous_14)
FNDA:1,(anonymous_15)
DA:1,2
DA:2,2
DA:3,2
DA:4,2
DA:5,2
DA:6,2
DA:7,2
DA:8,2
DA:9,2
DA:11,2
DA:12,2
DA:13,2
DA:14,2
DA:15,2
DA:16,2
DA:17,2
DA:19,2
DA:21,2
DA:22,11
DA:23,1
DA:26,11
DA:29,2
DA:30,11
DA:31,11
DA:32,11
DA:33,11
DA:35,11
DA:36,1
DA:37,0
DA:40,11
DA:41,1
DA:42,1
DA:48,1
DA:52,11
DA:54,11
DA:55,1
DA:56,1
DA:60,11
DA:61,3
DA:64,8
DA:99,2
LF:41
LH:40
BRDA:41,0,0,1
BRDA:41,0,1,0
BRDA:41,1,0,0
BRDA:41,1,1,1
BRDA:41,2,0,1
BRDA:41,2,1,1
BRDA:55,3,0,1
BRDA:55,3,1,0
BRDA:60,4,0,3
BRDA:60,4,1,8
BRDA:66,5,0,3
BRDA:66,5,1,5
BRDA:82,6,0,3
BRDA:82,6,1,5
BRDA:86,7,0,3
BRDA:86,7,1,5
BRF:16
BRH:13
end_of_record
TN:
SF:home/david/impargo/impargo-apps/src/Alerts/QuotaReachedAlert.tsx
FN:19,(anonymous_1)
FN:20,(anonymous_2)
FN:26,(anonymous_3)
FN:36,(anonymous_4)
FN:41,(anonymous_5)
FN:49,(anonymous_6)
FN:90,(anonymous_7)
FNF:7
FNH:6
FNDA:13,(anonymous_1)
FNDA:1,(anonymous_2)
FNDA:13,(anonymous_3)
FNDA:0,(anonymous_4)
FNDA:12,(anonymous_5)
FNDA:11,(anonymous_6)
FNDA:1,(anonymous_7)
DA:1,2
DA:2,2
DA:3,2
DA:4,2
DA:5,2
DA:6,2
DA:7,2
DA:8,2
DA:9,2
DA:10,2
DA:11,2
DA:12,2
DA:19,2
DA:20,13
DA:21,1
DA:23,13
DA:26,2
DA:29,13
DA:30,13
DA:31,13
DA:32,13
DA:33,13
DA:34,13
DA:36,13
DA:37,0
DA:38,0
DA:41,13
DA:42,12
DA:43,6
DA:45,6
DA:49,13
DA:50,11
DA:53,13
DA:54,7
DA:57,6
DA:91,1
DA:92,1
DA:93,1
DA:103,2
LF:39
LH:37
BRDA:42,0,0,6
BRDA:42,0,1,6
BRDA:53,1,0,7
BRDA:53,1,1,6
BRDA:53,2,0,13
BRDA:53,2,1,7
BRDA:60,3,0,4
BRDA:60,3,1,2
BRDA:66,4,0,2
BRDA:66,4,1,4
BRDA:72,5,0,2
BRDA:72,5,1,4
BRDA:73,6,0,0
BRDA:73,6,1,2
BRDA:80,7,0,4
BRDA:80,7,1,2
BRF:16
BRH:15
end_of_record
TN:
SF:home/david/impargo/impargo-apps/src/Alerts/ShipperConnectionAlert.tsx
FN:19,(anonymous_1)
FN:28,(anonymous_2)
FN:34,(anonymous_3)
FN:46,(anonymous_4)
FN:59,(anonymous_5)
FN:85,(anonymous_6)
FN:95,(anonymous_7)
FNF:7
FNH:6
FNDA:25,(anonymous_1)
FNDA:4,(anonymous_2)
FNDA:3,(anonymous_3)
FNDA:11,(anonymous_4)
FNDA:10,(anonymous_5)
FNDA:1,(anonymous_6)
FNDA:0,(anonymous_7)
DA:1,2
DA:2,2
DA:3,2
DA:5,2
DA:6,2
DA:7,2
DA:8,2
DA:9,2
DA:10,2
DA:11,2
DA:12,2
DA:13,2
DA:14,2
DA:15,2
DA:16,2
DA:17,2
DA:19,2
DA:20,25
DA:22,25
DA:23,25
DA:24,25
DA:26,25
DA:28,25
DA:29,4
DA:30,4
DA:33,25
DA:35,3
DA:36,1
DA:37,2
DA:38,1
DA:40,1
DA:42,3
DA:46,25
DA:47,11
DA:48,5
DA:49,5
DA:50,5
DA:59,25
DA:60,10
DA:61,1
DA:65,25
DA:66,14
DA:69,11
DA:71,11
DA:86,1
DA:87,1
DA:96,0
LF:47
LH:46
BRDA:35,0,0,1
BRDA:35,0,1,2
BRDA:37,1,0,1
BRDA:37,1,1,1
BRDA:47,2,0,5
BRDA:47,2,1,6
BRDA:49,3,0,5
BRDA:49,3,1,0
BRDA:60,4,0,1
BRDA:60,4,1,9
BRDA:65,5,0,14
BRDA:65,5,1,11
BRDA:65,6,0,25
BRDA:65,6,1,14
BRDA:65,6,2,8
BRDA:65,6,3,0
BRDA:69,7,0,11
BRDA:69,7,1,9
BRDA:69,8,0,9
BRDA:69,8,1,2
BRDA:69,9,0,11
BRDA:69,9,1,11
BRDA:76,10,0,5
BRDA:76,10,1,6
BRF:24
BRH:22
end_of_record
TN:
SF:home/david/impargo/impargo-apps/src/Alerts/SpecialOfferAlert.tsx
FN:18,(anonymous_1)
FN:31,(anonymous_2)
FN:36,(anonymous_3)
FN:67,(anonymous_4)
FNF:4
FNH:2
FNDA:4,(anonymous_1)
FNDA:0,(anonymous_2)
FNDA:4,(anonymous_3)
FNDA:0,(anonymous_4)
DA:1,1
DA:2,1
DA:3,1
DA:4,1
DA:5,1
DA:6,1
DA:7,1
DA:8,1
DA:9,1
DA:10,1
DA:11,1
DA:18,1
DA:19,4
DA:20,4
DA:21,4
DA:23,4
DA:28,4
DA:29,4
DA:31,4
DA:32,0
DA:33,0
DA:36,4
DA:37,4
DA:38,4
DA:42,4
DA:43,0
DA:46,4
DA:67,0
DA:76,1
LF:29
LH:25
BRDA:25,0,0,2
BRDA:25,0,1,2
BRDA:29,1,0,4
BRDA:29,1,1,4
BRDA:29,2,0,0
BRDA:29,2,1,4
BRDA:29,3,0,4
BRDA:29,3,1,4
BRDA:37,4,0,4
BRDA:37,4,1,0
BRDA:42,5,0,0
BRDA:42,5,1,4
BRDA:59,6,0,4
BRDA:59,6,1,0
BRDA:60,7,0,2
BRDA:60,7,1,2
BRF:16
BRH:12
end_of_record
TN:
SF:home/david/impargo/impargo-apps/src/Alerts/unsupported_browsers_alert.tsx
FN:10,(anonymous_1)
FN:32,(anonymous_2)
FNF:2
FNH:2
FNDA:7,(anonymous_1)
FNDA:1,(anonymous_2)
DA:1,2
DA:2,2
DA:3,2
DA:4,2
DA:5,2
DA:6,2
DA:7,2
DA:8,2
DA:10,2
DA:11,7
DA:13,7
DA:14,5
DA:17,2
DA:32,1
DA:42,2
LF:15
LH:15
BRDA:13,0,0,5
BRDA:13,0,1,2
BRF:2
BRH:2
end_of_record
TN:
SF:home/david/impargo/impargo-apps/src/components/CancelSubscriptionView/CancelSubscriptionView.tsx
FN:13,(anonymous_1)
FN:40,(anonymous_2)
FN:52,(anonymous_3)
FNF:3
FNH:3
FNDA:5,(anonymous_1)
FNDA:1,(anonymous_2)
FNDA:1,(anonymous_3)
DA:2,5
DA:3,5
DA:4,5
DA:5,5
DA:6,5
DA:7,5
DA:13,5
DA:16,5
DA:17,5
DA:18,5
DA:19,5
DA:41,1
DA:42,1
DA:53,1
DA:54,1
DA:64,5
LF:16
LH:16
BRF:0
BRH:0
end_of_record
TN:
SF:home/david/impargo/impargo-apps/src/components/CancelSubscriptionView/index.tsx
FN:1,(anonymous_1)
FNF:1
FNH:1
FNDA:10,(anonymous_1)
DA:1,14
LF:1
LH:1
BRF:0
BRH:0
end_of_record
TN:
SF:home/david/impargo/impargo-apps/src/components/Map/index.tsx
FN:12,(anonymous_15)
FN:12,(anonymous_16)
FN:12,(anonymous_17)
FN:25,(anonymous_18)
FN:28,(anonymous_19)
FN:29,(anonymous_20)
FN:29,(anonymous_21)
FN:58,(anonymous_22)
FNF:8
FNH:8
FNDA:1,(anonymous_15)
FNDA:1,(anonymous_16)
FNDA:1,(anonymous_17)
FNDA:51,(anonymous_18)
FNDA:17,(anonymous_19)
FNDA:17,(anonymous_20)
FNDA:17,(anonymous_21)
FNDA:49,(anonymous_22)
DA:1,4
DA:2,4
DA:3,4
DA:4,4
DA:5,4
DA:6,4
DA:7,4
DA:10,4
DA:12,4
DA:25,51
DA:26,51
DA:27,51
DA:28,51
DA:29,17
DA:30,17
DA:31,17
DA:32,15
DA:34,2
DA:36,1
DA:37,1
DA:40,1
DA:41,1
DA:44,0
DA:45,0
DA:49,17
DA:51,51
DA:56,4
DA:58,49
LF:28
LH:26
BRDA:30,0,0,17
BRDA:30,0,1,0
BRDA:31,1,0,15
BRDA:31,1,1,2
BRDA:35,2,0,1
BRDA:35,2,1,1
BRDA:35,2,2,0
BRDA:36,3,0,1
BRDA:36,3,1,0
BRDA:45,4,0,0
BRDA:45,4,1,0
BRDA:52,5,0,51
BRDA:52,5,1,2
BRF:13
BRH:8
end_of_record
TN:
SF:home/david/impargo/impargo-apps/src/components/Map/types.ts
FN:32,(anonymous_0)
FNF:1
FNH:1
FNDA:17,(anonymous_0)
DA:32,17
DA:33,17
DA:34,17
DA:35,17
LF:4
LH:4
BRDA:32,0,0,17
BRDA:32,0,1,17
BRF:2
BRH:2
end_of_record
TN:
SF:home/david/impargo/impargo-apps/src/components/Map/HERE/Favorites.tsx
FN:22,(anonymous_0)
FN:38,(anonymous_1)
FN:39,(anonymous_2)
FN:40,(anonymous_3)
FN:49,(anonymous_4)
FN:51,(anonymous_5)
FN:59,(anonymous_6)
FN:62,(anonymous_7)
FNF:8
FNH:8
FNDA:8,(anonymous_0)
FNDA:8,(anonymous_1)
FNDA:8,(anonymous_2)
FNDA:7,(anonymous_3)
FNDA:1,(anonymous_4)
FNDA:2,(anonymous_5)
FNDA:1,(anonymous_6)
FNDA:1,(anonymous_7)
DA:1,4
DA:2,4
DA:3,4
DA:5,4
DA:20,4
DA:22,4
DA:32,8
DA:38,8
DA:39,8
DA:41,7
DA:42,7
DA:49,8
DA:50,1
DA:51,8
DA:52,2
DA:54,8
DA:60,1
DA:63,1
DA:70,4
LF:19
LH:19
BRDA:35,0,0,8
BRDA:35,0,1,7
BRDA:39,1,0,8
BRDA:39,1,1,7
BRDA:52,2,0,1
BRDA:52,2,1,1
BRDA:52,3,0,2
BRDA:52,3,1,2
BRF:8
BRH:8
end_of_record
TN:
SF:home/david/impargo/impargo-apps/src/components/Map/HERE/MapContextMenuController.tsx
FN:14,(anonymous_4)
FN:24,(anonymous_5)
FN:63,(anonymous_6)
FN:71,(anonymous_7)
FN:76,(anonymous_8)
FN:83,(anonymous_9)
FN:92,(anonymous_10)
FN:105,(anonymous_11)
FN:106,(anonymous_12)
FN:113,(anonymous_13)
FN:119,(anonymous_14)
FN:125,(anonymous_15)
FN:134,(anonymous_16)
FN:145,(anonymous_17)
FN:152,(anonymous_18)
FN:39,_MapContextMenuController_closeMenu
FN:44,_MapContextMenuController_unmountMenu
FN:51,_MapContextMenuController_handleMenuPosition
FNF:18
FNH:11
FNDA:2,(anonymous_4)
FNDA:6,(anonymous_5)
FNDA:1,(anonymous_6)
FNDA:0,(anonymous_7)
FNDA:2,(anonymous_8)
FNDA:0,(anonymous_9)
FNDA:1,(anonymous_10)
FNDA:0,(anonymous_11)
FNDA:1,(anonymous_12)
FNDA:1,(anonymous_13)
FNDA:0,(anonymous_14)
FNDA:1,(anonymous_15)
FNDA:0,(anonymous_16)
FNDA:2,(anonymous_17)
FNDA:0,(anonymous_18)
FNDA:0,_MapContextMenuController_closeMenu
FNDA:2,_MapContextMenuController_unmountMenu
FNDA:8,_MapContextMenuController_handleMenuPosition
DA:1,4
DA:2,4
DA:3,4
DA:4,4
DA:5,4
DA:6,4
DA:9,4
DA:10,4
DA:14,4
DA:15,2
DA:16,2
DA:19,4
DA:20,6
DA:21,6
DA:22,6
DA:25,6
DA:26,6
DA:30,8
DA:31,6
DA:32,6
DA:33,6
DA:35,2
DA:36,2
DA:38,8
DA:42,0
DA:43,0
DA:47,2
DA:48,2
DA:49,0
DA:54,8
DA:55,8
DA:56,8
DA:57,8
DA:59,0
DA:64,1
DA:65,1
DA:66,1
DA:67,1
DA:71,0
DA:73,1
DA:77,2
DA:78,2
DA:79,2
DA:80,2
DA:81,2
DA:83,0
DA:89,2
DA:99,1
DA:100,1
DA:101,1
DA:102,1
DA:103,1
DA:105,0
DA:107,1
DA:110,1
DA:114,1
DA:115,1
DA:116,1
DA:117,1
DA:119,0
DA:122,1
DA:126,1
DA:127,1
DA:128,1
DA:129,1
DA:130,1
DA:131,1
DA:134,0
DA:136,1
DA:137,1
DA:138,1
DA:146,2
DA:147,2
DA:148,2
DA:149,2
DA:150,2
DA:152,0
DA:157,2
LF:78
LH:68
BRDA:30,0,0,6
BRDA:30,0,1,2
BRDA:42,1,0,0
BRDA:42,1,1,0
BRDA:42,2,0,0
BRDA:42,2,1,0
BRDA:47,3,0,2
BRDA:47,3,1,0
BRDA:47,4,0,2
BRDA:47,4,1,2
BRDA:47,5,0,0
BRDA:47,5,1,2
BRDA:47,6,0,2
BRDA:47,6,1,2
BRDA:48,7,0,0
BRDA:48,7,1,2
BRDA:55,8,0,8
BRDA:55,8,1,8
BRDA:55,9,0,8
BRDA:55,9,1,0
BRDA:55,10,0,8
BRDA:55,10,1,8
BRDA:56,11,0,8
BRDA:56,11,1,0
BRF:24
BRH:15
end_of_record
TN:
SF:home/david/impargo/impargo-apps/src/components/Map/HERE/driver.tsx
FN:13,(anonymous_1)
FN:27,(anonymous_2)
FN:28,(anonymous_3)
FNF:3
FNH:3
FNDA:1,(anonymous_1)
FNDA:1,(anonymous_2)
FNDA:1,(anonymous_3)
DA:2,4
DA:4,4
DA:13,4
DA:14,1
DA:22,4
DA:27,1
DA:28,1
LF:7
LH:7
BRDA:17,0,0,1
BRDA:17,0,1,0
BRDA:18,1,0,1
BRDA:18,1,1,0
BRDA:27,2,0,1
BRDA:27,2,1,0
BRDA:28,3,0,1
BRDA:28,3,1,0
BRF:8
BRH:4
end_of_record
TN:
SF:home/david/impargo/impargo-apps/src/components/Map/HERE/favorites_toggle.tsx
FN:12,(anonymous_0)
FN:22,(anonymous_1)
FN:32,(anonymous_2)
FNF:3
FNH:3
FNDA:9,(anonymous_0)
FNDA:1,(anonymous_1)
FNDA:3,(anonymous_2)
DA:1,5
DA:2,5
DA:12,5
DA:17,9
DA:18,9
DA:19,9
DA:23,1
DA:24,1
DA:33,3
DA:34,3
DA:35,3
DA:48,5
LF:12
LH:12
BRDA:26,0,0,7
BRDA:26,0,1,2
BRDA:34,1,0,1
BRDA:34,1,1,2
BRF:4
BRH:4
end_of_record
TN:
SF:home/david/impargo/impargo-apps/src/components/Map/HERE/favorites_toggle_controller.tsx
FN:15,(anonymous_8)
FN:20,(anonymous_9)
FN:30,(anonymous_10)
FN:35,(anonymous_11)
FN:59,(anonymous_12)
FN:62,(anonymous_13)
FN:70,(anonymous_14)
FNF:7
FNH:3
FNDA:5,(anonymous_8)
FNDA:5,(anonymous_9)
FNDA:10,(anonymous_10)
FNDA:0,(anonymous_11)
FNDA:0,(anonymous_12)
FNDA:0,(anonymous_13)
FNDA:0,(anonymous_14)
DA:1,4
DA:2,4
DA:3,4
DA:5,4
DA:6,4
DA:15,4
DA:20,5
DA:21,5
DA:22,5
DA:24,5
DA:28,5
DA:30,5
DA:32,10
DA:33,10
DA:36,0
DA:40,0
DA:43,10
DA:44,10
DA:48,5
DA:50,5
DA:51,5
DA:53,5
DA:55,5
DA:57,5
DA:60,0
DA:63,0
DA:70,5
DA:71,0
LF:28
LH:23
BRDA:19,0,0,0
BRDA:32,1,0,1
BRDA:32,1,1,9
BRDA:43,2,0,9
BRDA:43,2,1,1
BRF:5
BRH:4
end_of_record
TN:
SF:home/david/impargo/impargo-apps/src/components/Map/HERE/index.tsx
FN:29,(anonymous_15)
FN:30,(anonymous_16)
FN:35,distance
FN:104,(anonymous_18)
FN:138,(anonymous_19)
FN:139,(anonymous_20)
FN:169,(anonymous_21)
FN:179,(anonymous_22)
FN:181,(anonymous_23)
FN:200,(anonymous_24)
FN:203,(anonymous_25)
FN:203,(anonymous_26)
FN:213,(anonymous_27)
FN:220,(anonymous_28)
FN:242,(anonymous_29)
FN:263,(anonymous_30)
FN:264,(anonymous_31)
FN:277,(anonymous_32)
FN:280,(anonymous_33)
FN:292,(anonymous_34)
FN:319,(anonymous_35)
FN:335,(anonymous_36)
FN:345,(anonymous_37)
FN:381,(anonymous_38)
FN:408,(anonymous_39)
FN:410,(anonymous_40)
FN:428,(anonymous_41)
FN:430,(anonymous_42)
FN:433,(anonymous_43)
FN:436,(anonymous_44)
FN:442,(anonymous_45)
FN:443,(anonymous_46)
FN:451,(anonymous_47)
FN:452,(anonymous_48)
FN:455,(anonymous_49)
FN:457,(anonymous_50)
FN:460,(anonymous_51)
FN:468,(anonymous_52)
FN:469,(anonymous_53)
FN:472,(anonymous_54)
FN:478,(anonymous_55)
FN:482,(anonymous_56)
FN:488,(anonymous_57)
FN:493,(anonymous_58)
FN:501,(anonymous_59)
FN:502,(anonymous_60)
FN:504,(anonymous_61)
FN:511,(anonymous_62)
FN:526,(anonymous_63)
FN:541,(anonymous_64)
FN:556,(anonymous_65)
FN:560,(anonymous_66)
FN:576,(anonymous_67)
FN:578,(anonymous_68)
FN:579,(anonymous_69)
FN:591,(anonymous_70)
FN:595,(anonymous_71)
FN:613,(anonymous_72)
FN:622,(anonymous_73)
FN:625,(anonymous_74)
FN:626,(anonymous_75)
FN:627,(anonymous_76)
FN:632,(anonymous_77)
FN:637,(anonymous_78)
FN:638,(anonymous_79)
FN:639,(anonymous_80)
FNF:66
FNH:49
FNDA:3,(anonymous_15)
FNDA:3,(anonymous_16)
FNDA:2,distance
FNDA:1,(anonymous_18)
FNDA:0,(anonymous_19)
FNDA:0,(anonymous_20)
FNDA:1,(anonymous_21)
FNDA:1,(anonymous_22)
FNDA:0,(anonymous_23)
FNDA:0,(anonymous_24)
FNDA:0,(anonymous_25)
FNDA:0,(anonymous_26)
FNDA:0,(anonymous_27)
FNDA:0,(anonymous_28)
FNDA:0,(anonymous_29)
FNDA:0,(anonymous_30)
FNDA:0,(anonymous_31)
FNDA:0,(anonymous_32)
FNDA:0,(anonymous_33)
FNDA:0,(anonymous_34)
FNDA:1,(anonymous_35)
FNDA:0,(anonymous_36)
FNDA:0,(anonymous_37)
FNDA:0,(anonymous_38)
FNDA:1,(anonymous_39)
FNDA:1,(anonymous_40)
FNDA:1,(anonymous_41)
FNDA:1,(anonymous_42)
FNDA:1,(anonymous_43)
FNDA:1,(anonymous_44)
FNDA:1,(anonymous_45)
FNDA:1,(anonymous_46)
FNDA:1,(anonymous_47)
FNDA:1,(anonymous_48)
FNDA:1,(anonymous_49)
FNDA:1,(anonymous_50)
FNDA:1,(anonymous_51)
FNDA:1,(anonymous_52)
FNDA:1,(anonymous_53)
FNDA:1,(anonymous_54)
FNDA:1,(anonymous_55)
FNDA:1,(anonymous_56)
FNDA:1,(anonymous_57)
FNDA:1,(anonymous_58)
FNDA:1,(anonymous_59)
FNDA:1,(anonymous_60)
FNDA:1,(anonymous_61)
FNDA:1,(anonymous_62)
FNDA:1,(anonymous_63)
FNDA:1,(anonymous_64)
FNDA:1,(anonymous_65)
FNDA:1,(anonymous_66)
FNDA:1,(anonymous_67)
FNDA:1,(anonymous_68)
FNDA:1,(anonymous_69)
FNDA:1,(anonymous_70)
FNDA:1,(anonymous_71)
FNDA:1,(anonymous_72)
FNDA:1,(anonymous_73)
FNDA:1,(anonymous_74)
FNDA:1,(anonymous_75)
FNDA:1,(anonymous_76)
FNDA:1,(anonymous_77)
FNDA:1,(anonymous_78)
FNDA:1,(anonymous_79)
FNDA:1,(anonymous_80)
DA:1,3
DA:2,3
DA:3,3
DA:4,3
DA:5,3
DA:6,3
DA:7,3
DA:8,3
DA:9,3
DA:10,3
DA:11,3
DA:12,3
DA:13,3
DA:14,3
DA:15,3
DA:16,3
DA:19,3
DA:20,3
DA:22,3
DA:23,3
DA:24,3
DA:25,3
DA:26,3
DA:27,3
DA:28,3
DA:29,6
DA:30,6
DA:31,3
DA:33,3
DA:35,3
DA:36,2
DA:37,1
DA:39,1
DA:40,1
DA:41,1
DA:44,3
DA:93,3
DA:104,3
DA:129,1
DA:130,1
DA:131,1
DA:132,1
DA:133,1
DA:134,1
DA:135,1
DA:136,1
DA:138,1
DA:139,0
DA:145,1
DA:147,1
DA:148,1
DA:149,1
DA:150,1
DA:151,1
DA:152,1
DA:153,1
DA:154,1
DA:155,1
DA:156,1
DA:157,1
DA:158,1
DA:160,1
DA:161,1
DA:162,1
DA:163,1
DA:164,1
DA:165,1
DA:166,1
DA:167,1
DA:169,1
DA:170,1
DA:171,1
DA:173,0
DA:177,1
DA:179,1
DA:180,1
DA:181,1
DA:184,1
DA:200,1
DA:201,0
DA:202,0
DA:203,0
DA:204,0
DA:205,0
DA:209,1
DA:213,0
DA:221,0
DA:222,0
DA:223,0
DA:224,0
DA:243,0
DA:244,0
DA:246,0
DA:247,0
DA:248,0
DA:249,0
DA:263,0
DA:264,0
DA:267,0
DA:268,0
DA:278,0
DA:279,0
DA:280,0
DA:281,0
DA:293,0
DA:294,0
DA:295,0
DA:320,1
DA:321,0
DA:323,1
DA:336,0
DA:346,0
DA:347,0
DA:348,0
DA:350,0
DA:351,0
DA:352,0
DA:382,0
DA:383,0
DA:406,3
DA:408,1
DA:410,1
DA:428,1
DA:430,1
DA:433,1
DA:436,1
DA:442,1
DA:443,1
DA:451,1
DA:452,1
DA:455,1
DA:457,1
DA:460,1
DA:468,1
DA:469,1
DA:472,1
DA:478,1
DA:482,1
DA:488,1
DA:493,1
DA:501,1
DA:502,1
DA:504,1
DA:511,1
DA:526,1
DA:541,1
DA:556,1
DA:560,1
DA:576,1
DA:578,1
DA:579,1
DA:591,1
DA:595,1
DA:613,1
DA:622,1
DA:625,1
DA:626,1
DA:627,1
DA:632,1
DA:637,1
DA:638,1
DA:639,1
LF:162
LH:123
BRDA:36,0,0,1
BRDA:36,0,1,1
BRDA:36,1,0,2
BRDA:36,1,1,1
BRDA:106,2,0,1
BRDA:107,3,0,1
BRDA:108,4,0,1
BRDA:111,5,0,0
BRDA:120,6,0,1
BRDA:124,7,0,0
BRDA:127,8,0,1
BRDA:145,9,0,0
BRDA:145,9,1,1
BRDA:171,10,0,0
BRDA:171,10,1,1
BRDA:171,11,0,1
BRDA:171,11,1,0
BRDA:171,12,0,1
BRDA:171,12,1,1
BRDA:212,13,0,0
BRDA:212,13,1,1
BRDA:212,14,0,0
BRDA:212,14,1,1
BRDA:221,15,0,0
BRDA:221,15,1,0
BRDA:223,16,0,0
BRDA:223,16,1,0
BRDA:223,17,0,0
BRDA:223,17,1,0
BRDA:243,18,0,0
BRDA:243,18,1,0
BRDA:243,19,0,0
BRDA:243,19,1,0
BRDA:263,20,0,0
BRDA:263,20,1,0
BRDA:263,21,0,0
BRDA:263,21,1,0
BRDA:267,22,0,0
BRDA:267,22,1,0
BRDA:276,23,0,1
BRDA:276,23,1,0
BRDA:276,23,2,0
BRDA:276,24,0,0
BRDA:276,24,1,0
BRDA:277,25,0,1
BRDA:277,25,1,0
BRDA:284,26,0,0
BRDA:284,26,1,0
BRDA:286,27,0,0
BRDA:286,27,1,0
BRDA:297,28,0,0
BRDA:297,28,1,0
BRDA:297,29,0,0
BRDA:297,29,1,0
BRDA:301,30,0,1
BRDA:301,30,1,1
BRDA:301,30,2,1
BRDA:301,30,3,0
BRDA:301,30,4,0
BRDA:320,31,0,0
BRDA:320,31,1,1
BRDA:320,32,0,1
BRDA:320,32,1,1
BRDA:335,33,0,1
BRDA:335,33,1,0
BRDA:342,34,0,0
BRDA:342,34,1,0
BRDA:346,35,0,0
BRDA:346,35,1,0
BRDA:347,36,0,0
BRDA:347,36,1,0
BRDA:347,37,0,0
BRDA:347,37,1,0
BRDA:347,37,2,0
BRDA:360,38,0,1
BRDA:360,38,1,1
BRDA:370,39,0,1
BRDA:370,39,1,0
BRDA:370,40,0,1
BRDA:370,40,1,0
BRDA:370,41,0,1
BRDA:370,41,1,1
BRDA:380,42,0,1
BRDA:380,42,1,0
BRDA:380,42,2,0
BRDA:380,42,3,0
BRDA:380,43,0,0
BRDA:380,43,1,0
BRDA:380,44,0,0
BRDA:380,44,1,0
BRDA:380,45,0,0
BRDA:380,45,1,0
BRDA:380,46,0,0
BRDA:380,46,1,0
BRDA:408,47,0,1
BRDA:408,47,1,0
BRF:96
BRH:33
end_of_record
TN:
SF:home/david/impargo/impargo-apps/src/components/Map/HERE/mapLoader.ts
FN:3,(anonymous_6)
FN:3,(anonymous_7)
FNF:2
FNH:0
FNDA:0,(anonymous_6)
FNDA:0,(anonymous_7)
DA:1,3
DA:3,3
LF:2
LH:2
BRF:0
BRH:0
end_of_record
TN:
SF:home/david/impargo/impargo-apps/src/components/Map/HERE/map_settings.tsx
FN:14,(anonymous_8)
FN:25,(anonymous_9)
FN:33,(anonymous_10)
FN:60,(anonymous_11)
FN:70,(anonymous_12)
FN:70,(anonymous_13)
FN:78,(anonymous_14)
FN:85,(anonymous_15)
FN:89,(anonymous_16)
FN:96,(anonymous_17)
FN:103,(anonymous_18)
FN:107,(anonymous_19)
FN:111,(anonymous_20)
FNF:13
FNH:0
FNDA:0,(anonymous_8)
FNDA:0,(anonymous_9)
FNDA:0,(anonymous_10)
FNDA:0,(anonymous_11)
FNDA:0,(anonymous_12)
FNDA:0,(anonymous_13)
FNDA:0,(anonymous_14)
FNDA:0,(anonymous_15)
FNDA:0,(anonymous_16)
FNDA:0,(anonymous_17)
FNDA:0,(anonymous_18)
FNDA:0,(anonymous_19)
FNDA:0,(anonymous_20)
DA:1,3
DA:2,3
DA:3,3
DA:14,3
DA:21,0
DA:22,0
DA:23,0
DA:25,0
DA:26,0
DA:27,0
DA:28,0
DA:29,0
DA:30,0
DA:31,0
DA:34,0
DA:35,0
DA:37,0
DA:41,0
DA:42,0
DA:43,0
DA:44,0
DA:45,0
DA:46,0
DA:48,0
DA:49,0
DA:50,0
DA:52,0
DA:60,0
DA:61,0
DA:62,0
DA:66,0
DA:68,0
DA:70,0
DA:71,0
DA:72,0
DA:74,0
DA:75,0
DA:78,0
DA:79,0
DA:80,0
DA:81,0
DA:85,0
DA:86,0
DA:89,0
DA:90,0
DA:91,0
DA:92,0
DA:96,0
DA:97,0
DA:98,0
DA:99,0
DA:103,0
DA:104,0
DA:107,0
DA:108,0
DA:111,0
DA:112,0
DA:115,0
DA:116,0
DA:119,0
DA:161,3
LF:61
LH:5
BRDA:34,0,0,0
BRDA:34,0,1,0
BRDA:48,1,0,0
BRDA:48,1,1,0
BRDA:71,2,0,0
BRDA:71,2,1,0
BRDA:91,3,0,0
BRDA:91,3,1,0
BRDA:98,4,0,0
BRDA:98,4,1,0
BRDA:115,5,0,0
BRDA:115,5,1,0
BRF:12
BRH:0
end_of_record
TN:
SF:home/david/impargo/impargo-apps/src/components/Map/HERE/map_settings_toggle.tsx
FN:10,(anonymous_0)
FN:22,(anonymous_1)
FN:28,(anonymous_2)
FN:31,(anonymous_3)
FN:42,(anonymous_4)
FNF:5
FNH:0
FNDA:0,(anonymous_0)
FNDA:0,(anonymous_1)
FNDA:0,(anonymous_2)
FNDA:0,(anonymous_3)
FNDA:0,(anonymous_4)
DA:1,3
DA:10,3
DA:16,0
DA:17,0
DA:19,0
DA:22,0
DA:23,0
DA:24,0
DA:28,0
DA:29,0
DA:32,0
DA:33,0
DA:37,0
DA:39,0
DA:40,0
DA:42,0
DA:43,0
DA:44,0
DA:48,0
DA:51,3
LF:20
LH:3
BRDA:23,0,0,0
BRDA:23,0,1,0
BRDA:24,1,0,0
BRDA:24,1,1,0
BRDA:32,2,0,0
BRDA:32,2,1,0
BRDA:32,3,0,0
BRDA:32,3,1,0
BRDA:39,4,0,0
BRDA:39,4,1,0
BRF:10
BRH:0
end_of_record
TN:
SF:home/david/impargo/impargo-apps/src/components/Map/HERE/map_snapshot.tsx
FN:7,(anonymous_7)
FN:7,(anonymous_8)
FN:7,(anonymous_9)
FN:9,(anonymous_10)
FN:33,(anonymous_11)
FN:33,(anonymous_12)
FN:59,(anonymous_13)
FN:68,(anonymous_14)
FN:71,(anonymous_15)
FN:102,(anonymous_16)
FN:103,(anonymous_17)
FN:103,(anonymous_18)
FN:106,(anonymous_19)
FN:107,(anonymous_20)
FN:107,(anonymous_21)
FN:117,(anonymous_22)
FNF:16
FNH:12
FNDA:1,(anonymous_7)
FNDA:1,(anonymous_8)
FNDA:1,(anonymous_9)
FNDA:0,(anonymous_10)
FNDA:1,(anonymous_11)
FNDA:1,(anonymous_12)
FNDA:0,(anonymous_13)
FNDA:1,(anonymous_14)
FNDA:0,(anonymous_15)
FNDA:1,(anonymous_16)
FNDA:1,(anonymous_17)
FNDA:1,(anonymous_18)
FNDA:1,(anonymous_19)
FNDA:1,(anonymous_20)
FNDA:1,(anonymous_21)
FNDA:0,(anonymous_22)
DA:1,2
DA:2,2
DA:4,2
DA:5,2
DA:6,2
DA:7,2
DA:9,2
DA:33,2
DA:34,1
DA:35,1
DA:36,1
DA:37,1
DA:38,1
DA:39,1
DA:46,1
DA:49,1
DA:57,1
DA:58,1
DA:59,1
DA:60,0
DA:61,0
DA:62,0
DA:64,1
DA:65,1
DA:66,1
DA:67,1
DA:68,1
DA:69,1
DA:70,1
DA:72,0
DA:76,1
DA:77,1
DA:78,0
DA:93,0
DA:95,1
DA:96,1
DA:97,0
DA:98,0
DA:100,0
DA:102,1
DA:103,1
DA:104,1
DA:106,1
DA:107,1
DA:108,1
DA:109,1
DA:110,1
DA:112,0
DA:117,1
DA:118,0
DA:126,2
LF:51
LH:40
BRDA:7,0,0,0
BRDA:7,0,1,1
BRDA:7,1,0,1
BRDA:7,1,1,1
BRDA:69,2,0,1
BRDA:69,2,1,0
BRDA:69,3,0,0
BRDA:69,3,1,1
BRDA:69,4,0,1
BRDA:69,4,1,1
BRDA:69,5,0,0
BRDA:69,5,1,0
BRDA:69,6,0,0
BRDA:69,6,1,0
BRDA:70,7,0,0
BRDA:70,7,1,1
BRDA:70,8,0,1
BRDA:70,8,1,1
BRDA:77,9,0,0
BRDA:77,9,1,1
BRDA:96,10,0,0
BRDA:96,10,1,1
BRDA:97,11,0,0
BRDA:97,11,1,0
BRDA:104,12,0,1
BRDA:104,12,1,0
BRDA:108,13,0,1
BRDA:108,13,1,0
BRDA:118,14,0,0
BRDA:118,14,1,0
BRDA:118,15,0,0
BRDA:118,15,1,0
BRDA:118,16,0,0
BRDA:118,16,1,0
BRF:34
BRH:14
end_of_record
TN:
SF:home/david/impargo/impargo-apps/src/components/Map/HERE/route_wrapper.tsx
FN:24,(anonymous_2)
FN:37,(anonymous_3)
FN:40,(anonymous_4)
FN:56,(anonymous_5)
FN:60,(anonymous_6)
FN:84,(anonymous_7)
FN:98,(anonymous_8)
FN:99,(anonymous_9)
FN:104,(anonymous_10)
FN:122,(anonymous_11)
FNF:10
FNH:1
FNDA:6,(anonymous_2)
FNDA:0,(anonymous_3)
FNDA:0,(anonymous_4)
FNDA:0,(anonymous_5)
FNDA:0,(anonymous_6)
FNDA:0,(anonymous_7)
FNDA:0,(anonymous_8)
FNDA:0,(anonymous_9)
FNDA:0,(anonymous_10)
FNDA:0,(anonymous_11)
DA:1,3
DA:2,3
DA:3,3
DA:4,3
DA:5,3
DA:8,3
DA:24,6
DA:28,3
DA:29,3
DA:37,3
DA:40,0
DA:41,0
DA:56,3
DA:57,0
DA:60,0
DA:61,0
DA:84,3
DA:95,0
DA:96,0
DA:98,0
DA:99,0
DA:100,0
DA:105,0
DA:123,0
DA:131,3
LF:25
LH:13
BRDA:64,0,0,0
BRDA:64,0,1,0
BRDA:96,1,0,0
BRDA:96,1,1,0
BRDA:96,1,2,0
BRDA:96,1,3,0
BRDA:96,2,0,0
BRDA:96,2,1,0
BRDA:96,3,0,0
BRDA:96,3,1,0
BRDA:99,4,0,0
BRDA:99,4,1,0
BRDA:103,5,0,0
BRDA:103,5,1,0
BRDA:102,6,0,0
BRDA:102,6,1,0
BRDA:109,7,0,0
BRDA:109,7,1,0
BRDA:116,8,0,0
BRDA:116,8,1,0
BRDA:116,9,0,0
BRDA:116,9,1,0
BRDA:116,10,0,0
BRDA:116,10,1,0
BRDA:117,11,0,0
BRDA:117,11,1,0
BRDA:122,12,0,0
BRDA:122,12,1,0
BRF:28
BRH:0
end_of_record
TN:
SF:home/david/impargo/impargo-apps/src/components/Map/MapBox/gl_map.js
FN:25,(anonymous_1)
FN:27,(anonymous_2)
FN:28,(anonymous_3)
FN:29,(anonymous_4)
FN:30,(anonymous_5)
FN:30,(anonymous_6)
FN:37,(anonymous_7)
FN:44,(anonymous_8)
FN:48,(anonymous_9)
FN:49,(anonymous_10)
FN:56,(anonymous_11)
FN:66,(anonymous_12)
FN:78,(anonymous_13)
FN:118,(anonymous_14)
FN:121,(anonymous_15)
FN:157,(anonymous_16)
FN:160,(anonymous_17)
FN:165,(anonymous_18)
FN:172,(anonymous_19)
FN:176,(anonymous_20)
FN:192,(anonymous_21)
FN:203,(anonymous_22)
FN:214,(anonymous_23)
FN:286,(anonymous_24)
FN:289,(anonymous_25)
FN:305,(anonymous_26)
FN:309,(anonymous_27)
FN:333,(anonymous_28)
FN:339,(anonymous_29)
FN:343,(anonymous_30)
FN:347,(anonymous_31)
FN:348,(anonymous_32)
FN:349,(anonymous_33)
FN:350,(anonymous_34)
FN:357,(anonymous_35)
FNF:35
FNH:19
FNDA:0,(anonymous_1)
FNDA:0,(anonymous_2)
FNDA:0,(anonymous_3)
FNDA:0,(anonymous_4)
FNDA:0,(anonymous_5)
FNDA:0,(anonymous_6)
FNDA:1,(anonymous_7)
FNDA:1,(anonymous_8)
FNDA:0,(anonymous_9)
FNDA:0,(anonymous_10)
FNDA:0,(anonymous_11)
FNDA:0,(anonymous_12)
FNDA:0,(anonymous_13)
FNDA:7,(anonymous_14)
FNDA:1,(anonymous_15)
FNDA:1,(anonymous_16)
FNDA:1,(anonymous_17)
FNDA:0,(anonymous_18)
FNDA:0,(anonymous_19)
FNDA:0,(anonymous_20)
FNDA:0,(anonymous_21)
FNDA:1,(anonymous_22)
FNDA:0,(anonymous_23)
FNDA:1,(anonymous_24)
FNDA:1,(anonymous_25)
FNDA:1,(anonymous_26)
FNDA:1,(anonymous_27)
FNDA:1,(anonymous_28)
FNDA:1,(anonymous_29)
FNDA:1,(anonymous_30)
FNDA:1,(anonymous_31)
FNDA:1,(anonymous_32)
FNDA:1,(anonymous_33)
FNDA:1,(anonymous_34)
FNDA:1,(anonymous_35)
DA:2,1
DA:3,1
DA:4,1
DA:5,1
DA:6,1
DA:7,1
DA:8,1
DA:9,1
DA:10,1
DA:11,1
DA:12,1
DA:13,1
DA:14,1
DA:15,1
DA:16,1
DA:17,1
DA:18,1
DA:19,1
DA:20,1
DA:21,1
DA:22,1
DA:23,1
DA:25,1
DA:26,0
DA:27,0
DA:28,0
DA:29,0
DA:30,0
DA:31,0
DA:33,0
DA:38,1
DA:39,1
DA:45,1
DA:48,1
DA:49,0
DA:51,1
DA:54,1
DA:55,1
DA:56,1
DA:57,0
DA:61,1
DA:62,1
DA:63,1
DA:64,1
DA:65,0
DA:66,0
DA:67,0
DA:68,0
DA:69,0
DA:79,0
DA:80,0
DA:82,0
DA:83,0
DA:84,0
DA:85,0
DA:87,0
DA:89,0
DA:90,0
DA:91,0
DA:96,0
DA:97,0
DA:99,0
DA:101,0
DA:102,0
DA:103,0
DA:109,0
DA:110,0
DA:113,0
DA:114,0
DA:119,7
DA:122,1
DA:123,1
DA:124,1
DA:146,1
DA:158,1
DA:161,1
DA:162,1
DA:163,1
DA:166,0
DA:167,0
DA:169,0
DA:170,0
DA:171,0
DA:172,0
DA:174,0
DA:176,0
DA:177,0
DA:178,0
DA:184,0
DA:185,0
DA:193,0
DA:194,0
DA:195,0
DA:196,0
DA:197,0
DA:198,0
DA:201,0
DA:204,1
DA:205,1
DA:206,0
DA:208,1
DA:209,1
DA:215,0
DA:216,0
DA:243,1
DA:254,1
DA:270,1
DA:282,1
DA:284,1
DA:286,1
DA:289,1
DA:305,1
DA:309,1
DA:334,1
DA:339,1
DA:343,1
DA:347,1
DA:348,1
DA:349,1
DA:350,1
DA:357,1
LF:121
LH:65
BRDA:27,0,0,0
BRDA:27,0,1,0
BRDA:64,1,0,0
BRDA:64,1,1,1
BRDA:73,2,0,0
BRDA:73,2,1,0
BRDA:79,3,0,0
BRDA:79,3,1,0
BRDA:83,4,0,0
BRDA:83,4,1,0
BRDA:83,5,0,0
BRDA:83,5,1,0
BRDA:83,6,0,0
BRDA:83,6,1,0
BRDA:84,7,0,0
BRDA:84,7,1,0
BRDA:89,8,0,0
BRDA:89,8,1,0
BRDA:89,9,0,0
BRDA:89,9,1,0
BRDA:89,9,2,0
BRDA:90,10,0,0
BRDA:90,10,1,0
BRDA:90,11,0,0
BRDA:90,11,1,0
BRDA:90,12,0,0
BRDA:90,12,1,0
BRDA:90,13,0,0
BRDA:90,13,1,0
BRDA:90,14,0,0
BRDA:90,14,1,0
BRDA:96,15,0,0
BRDA:96,15,1,0
BRDA:96,16,0,0
BRDA:96,16,1,0
BRDA:96,17,0,0
BRDA:96,17,1,0
BRDA:101,18,0,0
BRDA:101,18,1,0
BRDA:102,19,0,0
BRDA:102,19,1,0
BRDA:102,20,0,0
BRDA:102,20,1,0
BRDA:102,21,0,0
BRDA:102,21,1,0
BRDA:109,22,0,0
BRDA:109,22,1,0
BRDA:109,23,0,0
BRDA:109,23,1,0
BRDA:109,24,0,0
BRDA:109,24,1,0
BRDA:113,25,0,0
BRDA:113,25,1,0
BRDA:167,26,0,0
BRDA:167,26,1,0
BRDA:169,27,0,0
BRDA:169,27,1,0
BRDA:169,28,0,0
BRDA:169,28,1,0
BRDA:169,29,0,0
BRDA:169,29,1,0
BRDA:171,30,0,0
BRDA:171,30,1,0
BRDA:171,31,0,0
BRDA:171,31,1,0
BRDA:176,32,0,0
BRDA:176,32,1,0
BRDA:176,33,0,0
BRDA:176,33,1,0
BRDA:177,34,0,0
BRDA:177,34,1,0
BRDA:177,35,0,0
BRDA:177,35,1,0
BRDA:184,36,0,0
BRDA:184,36,1,0
BRDA:196,37,0,0
BRDA:196,37,1,0
BRDA:196,38,0,0
BRDA:196,38,1,0
BRDA:197,39,0,0
BRDA:197,39,1,0
BRDA:205,40,0,0
BRDA:205,40,1,1
BRDA:215,41,0,0
BRDA:215,41,1,0
BRDA:286,42,0,1
BRDA:286,42,1,1
BRDA:289,43,0,0
BRDA:289,43,1,1
BRDA:305,44,0,1
BRDA:305,44,1,0
BRDA:335,45,0,0
BRDA:335,45,1,1
BRF:93
BRH:7
end_of_record
TN:
SF:home/david/impargo/impargo-apps/src/components/Map/MapBox/gl_map_favorites.js
FN:16,(anonymous_9)
FN:17,(anonymous_10)
FN:34,(anonymous_11)
FN:65,(anonymous_12)
FN:71,(anonymous_13)
FN:83,(anonymous_14)
FN:87,(anonymous_15)
FN:94,(anonymous_16)
FN:108,(anonymous_17)
FN:118,(anonymous_18)
FN:119,(anonymous_19)
FN:120,(anonymous_20)
FN:121,(anonymous_21)
FN:126,(anonymous_22)
FN:146,(anonymous_23)
FN:146,(anonymous_24)
FN:158,(anonymous_25)
FN:159,(anonymous_26)
FN:173,(anonymous_27)
FNF:19
FNH:15
FNDA:2,(anonymous_9)
FNDA:0,(anonymous_10)
FNDA:6,(anonymous_11)
FNDA:5,(anonymous_12)
FNDA:0,(anonymous_13)
FNDA:4,(anonymous_14)
FNDA:5,(anonymous_15)
FNDA:2,(anonymous_16)
FNDA:0,(anonymous_17)
FNDA:1,(anonymous_18)
FNDA:2,(anonymous_19)
FNDA:2,(anonymous_20)
FNDA:2,(anonymous_21)
FNDA:6,(anonymous_22)
FNDA:4,(anonymous_23)
FNDA:4,(anonymous_24)
FNDA:5,(anonymous_25)
FNDA:5,(anonymous_26)
FNDA:0,(anonymous_27)
DA:1,2
DA:2,2
DA:3,2
DA:4,2
DA:5,2
DA:6,2
DA:7,2
DA:8,2
DA:9,2
DA:10,2
DA:11,2
DA:12,2
DA:13,2
DA:14,2
DA:16,2
DA:17,2
DA:18,2
DA:31,2
DA:32,2
DA:34,2
DA:45,6
DA:46,6
DA:48,6
DA:49,6
DA:51,6
DA:52,6
DA:53,6
DA:54,6
DA:56,6
DA:58,6
DA:65,6
DA:66,5
DA:67,1
DA:69,4
DA:72,0
DA:78,0
DA:82,4
DA:83,4
DA:87,6
DA:88,5
DA:89,4
DA:91,1
DA:92,1
DA:93,1
DA:94,1
DA:95,2
DA:96,2
DA:97,2
DA:98,2
DA:99,2
DA:101,2
DA:108,2
DA:109,0
DA:111,2
DA:112,2
DA:113,2
DA:114,2
DA:115,2
DA:116,2
DA:118,1
DA:119,2
DA:120,2
DA:121,2
DA:126,6
DA:127,6
DA:128,1
DA:130,5
DA:132,0
DA:134,5
DA:135,1
DA:137,5
DA:138,2
DA:140,3
DA:141,3
DA:142,3
DA:146,4
DA:147,4
DA:148,4
DA:149,4
DA:150,4
DA:152,3
DA:153,3
DA:154,3
DA:155,3
DA:158,6
DA:159,5
DA:160,5
DA:161,2
DA:166,6
DA:169,2
DA:173,0
DA:177,2
DA:187,2
LF:93
LH:88
BRDA:61,0,0,6
BRDA:61,0,1,6
BRDA:66,1,0,1
BRDA:66,1,1,4
BRDA:66,2,0,5
BRDA:66,2,1,4
BRDA:76,3,0,0
BRDA:76,3,1,0
BRDA:88,4,0,4
BRDA:88,4,1,1
BRDA:88,5,0,5
BRDA:88,5,1,4
BRDA:97,6,0,2
BRDA:97,6,1,0
BRDA:97,7,0,2
BRDA:97,7,1,2
BRDA:127,8,0,1
BRDA:127,8,1,5
BRDA:130,9,0,0
BRDA:130,9,1,5
BRDA:130,10,0,5
BRDA:130,10,1,1
BRDA:134,11,0,1
BRDA:134,11,1,4
BRDA:137,12,0,2
BRDA:137,12,1,3
BRDA:160,13,0,2
BRDA:160,13,1,3
BRF:28
BRH:24
end_of_record
TN:
SF:home/david/impargo/impargo-apps/src/components/Map/MapBox/gl_map_with_drivers.js
FN:9,(anonymous_8)
FN:21,(anonymous_9)
FN:33,(anonymous_10)
FN:33,(anonymous_11)
FN:35,(anonymous_12)
FN:38,(anonymous_14)
FN:40,(anonymous_15)
FN:44,(anonymous_16)
FN:44,(anonymous_17)
FN:64,(anonymous_18)
FN:67,(anonymous_19)
FN:70,(anonymous_20)
FN:73,(anonymous_21)
FN:82,(anonymous_22)
FN:87,(anonymous_23)
FNF:15
FNH:6
FNDA:0,(anonymous_8)
FNDA:0,(anonymous_9)
FNDA:1,(anonymous_10)
FNDA:1,(anonymous_11)
FNDA:0,(anonymous_12)
FNDA:0,(anonymous_14)
FNDA:0,(anonymous_15)
FNDA:0,(anonymous_16)
FNDA:0,(anonymous_17)
FNDA:1,(anonymous_18)
FNDA:0,(anonymous_19)
FNDA:0,(anonymous_20)
FNDA:1,(anonymous_21)
FNDA:1,(anonymous_22)
FNDA:1,(anonymous_23)
DA:1,1
DA:2,1
DA:3,1
DA:4,1
DA:5,1
DA:6,1
DA:7,1
DA:9,1
DA:10,0
DA:21,1
DA:22,0
DA:23,0
DA:24,0
DA:25,0
DA:26,0
DA:27,0
DA:29,0
DA:30,0
DA:33,1
DA:36,0
DA:37,0
DA:38,0
DA:40,0
DA:41,0
DA:42,0
DA:43,0
DA:44,0
DA:45,0
DA:46,0
DA:47,0
DA:52,0
DA:53,0
DA:54,0
DA:55,0
DA:56,0
DA:57,0
DA:58,0
DA:59,0
DA:62,0
DA:65,1
DA:68,0
DA:71,0
DA:74,1
DA:75,0
DA:77,1
DA:78,1
DA:79,0
DA:83,1
DA:84,1
DA:85,1
DA:88,1
DA:89,0
DA:91,1
DA:95,1
DA:98,1
DA:101,1
DA:104,1
LF:57
LH:23
BRDA:25,0,0,0
BRDA:25,0,1,0
BRDA:26,1,0,0
BRDA:26,1,1,0
BRDA:27,2,0,0
BRDA:27,2,1,0
BRDA:37,3,0,0
BRDA:37,3,1,0
BRDA:44,4,0,0
BRDA:44,4,1,0
BRDA:44,5,0,0
BRDA:44,5,1,0
BRDA:46,6,0,0
BRDA:46,6,1,0
BRDA:46,7,0,0
BRDA:46,7,1,0
BRDA:58,8,0,0
BRDA:58,8,1,0
BRDA:74,9,0,0
BRDA:74,9,1,1
BRDA:78,10,0,0
BRDA:78,10,1,1
BRDA:88,11,0,0
BRDA:88,11,1,1
BRF:24
BRH:3
end_of_record
TN:
SF:home/david/impargo/impargo-apps/src/components/Map/MapBox/gl_map_with_hover_icon.js
FN:4,(anonymous_1)
FN:4,(anonymous_2)
FN:6,(anonymous_3)
FN:9,(anonymous_4)
FN:28,(anonymous_5)
FNF:5
FNH:3
FNDA:1,(anonymous_1)
FNDA:1,(anonymous_2)
FNDA:0,(anonymous_3)
FNDA:0,(anonymous_4)
FNDA:1,(anonymous_5)
DA:1,1
DA:2,1
DA:4,1
DA:5,1
DA:7,0
DA:10,0
DA:11,0
DA:12,0
DA:17,0
DA:29,1
DA:33,1
LF:11
LH:6
BRF:0
BRH:0
end_of_record
TN:
SF:home/david/impargo/impargo-apps/src/components/Map/MapBox/gl_map_with_markers.js
FN:18,(anonymous_9)
FN:25,(anonymous_10)
FN:31,(anonymous_11)
FN:35,(anonymous_12)
FN:42,(anonymous_13)
FN:46,(anonymous_14)
FN:46,(anonymous_15)
FN:48,(anonymous_16)
FN:63,(anonymous_18)
FN:65,(anonymous_19)
FN:67,(anonymous_21)
FN:72,(anonymous_22)
FN:74,(anonymous_23)
FN:76,(anonymous_24)
FN:77,(anonymous_25)
FN:79,(anonymous_26)
FN:79,(anonymous_27)
FN:81,(anonymous_28)
FN:93,(anonymous_29)
FN:99,(anonymous_30)
FN:108,(anonymous_31)
FN:112,(anonymous_32)
FN:116,(anonymous_33)
FN:118,(anonymous_34)
FN:119,(anonymous_35)
FN:123,(anonymous_36)
FN:136,(anonymous_37)
FN:138,(anonymous_38)
FN:139,(anonymous_39)
FN:141,(anonymous_40)
FN:144,(anonymous_41)
FN:156,(anonymous_42)
FN:165,(anonymous_43)
FN:168,(anonymous_44)
FN:171,(anonymous_45)
FN:178,(anonymous_46)
FN:180,(anonymous_47)
FN:180,(anonymous_48)
FN:192,(anonymous_49)
FN:207,(anonymous_50)
FNF:40
FNH:5
FNDA:0,(anonymous_9)
FNDA:0,(anonymous_10)
FNDA:0,(anonymous_11)
FNDA:0,(anonymous_12)
FNDA:0,(anonymous_13)
FNDA:1,(anonymous_14)
FNDA:1,(anonymous_15)
FNDA:0,(anonymous_16)
FNDA:0,(anonymous_18)
FNDA:0,(anonymous_19)
FNDA:0,(anonymous_21)
FNDA:0,(anonymous_22)
FNDA:0,(anonymous_23)
FNDA:0,(anonymous_24)
FNDA:0,(anonymous_25)
FNDA:0,(anonymous_26)
FNDA:0,(anonymous_27)
FNDA:0,(anonymous_28)
FNDA:0,(anonymous_29)
FNDA:0,(anonymous_30)
FNDA:0,(anonymous_31)
FNDA:0,(anonymous_32)
FNDA:0,(anonymous_33)
FNDA:0,(anonymous_34)
FNDA:0,(anonymous_35)
FNDA:0,(anonymous_36)
FNDA:0,(anonymous_37)
FNDA:0,(anonymous_38)
FNDA:0,(anonymous_39)
FNDA:0,(anonymous_40)
FNDA:0,(anonymous_41)
FNDA:0,(anonymous_42)
FNDA:0,(anonymous_43)
FNDA:1,(anonymous_44)
FNDA:1,(anonymous_45)
FNDA:0,(anonymous_46)
FNDA:0,(anonymous_47)
FNDA:0,(anonymous_48)
FNDA:0,(anonymous_49)
FNDA:1,(anonymous_50)
DA:1,1
DA:2,1
DA:3,1
DA:4,1
DA:5,1
DA:6,1
DA:7,1
DA:8,1
DA:9,1
DA:10,1
DA:11,1
DA:12,1
DA:13,1
DA:14,1
DA:15,1
DA:16,1
DA:18,1
DA:19,0
DA:25,0
DA:26,0
DA:27,0
DA:28,0
DA:31,0
DA:32,0
DA:35,1
DA:36,0
DA:37,0
DA:38,0
DA:39,0
DA:40,0
DA:42,0
DA:43,0
DA:46,1
DA:49,0
DA:50,0
DA:52,0
DA:56,0
DA:63,0
DA:66,0
DA:67,0
DA:70,0
DA:72,0
DA:73,0
DA:74,0
DA:75,0
DA:76,0
DA:77,0
DA:78,0
DA:79,0
DA:80,0
DA:81,0
DA:82,0
DA:83,0
DA:84,0
DA:91,0
DA:92,0
DA:93,0
DA:94,0
DA:99,0
DA:100,0
DA:102,0
DA:103,0
DA:104,0
DA:106,0
DA:107,0
DA:108,0
DA:110,0
DA:113,0
DA:114,0
DA:116,0
DA:117,0
DA:118,0
DA:119,0
DA:120,0
DA:121,0
DA:122,0
DA:123,0
DA:125,0
DA:129,0
DA:130,0
DA:131,0
DA:132,0
DA:133,0
DA:134,0
DA:135,0
DA:136,0
DA:137,0
DA:138,0
DA:139,0
DA:140,0
DA:141,0
DA:144,0
DA:145,0
DA:146,0
DA:150,0
DA:151,0
DA:152,0
DA:153,0
DA:154,0
DA:155,0
DA:156,0
DA:159,0
DA:162,0
DA:166,0
DA:169,1
DA:172,1
DA:173,1
DA:174,1
DA:175,1
DA:176,1
DA:178,1
DA:180,1
DA:181,0
DA:182,0
DA:184,0
DA:185,0
DA:186,0
DA:188,0
DA:193,0
DA:194,0
DA:195,0
DA:204,0
DA:208,1
DA:209,0
DA:211,1
DA:215,1
DA:223,1
DA:226,1
DA:229,1
LF:129
LH:33
BRDA:21,0,0,0
BRDA:21,0,1,0
BRDA:22,1,0,0
BRDA:22,1,1,0
BRDA:23,2,0,0
BRDA:23,2,1,0
BRDA:23,2,2,0
BRDA:67,3,0,0
BRDA:67,3,1,0
BRDA:79,4,0,0
BRDA:79,4,1,0
BRDA:80,5,0,0
BRDA:80,5,1,0
BRDA:87,6,0,0
BRDA:87,6,1,0
BRDA:92,7,0,0
BRDA:92,7,1,0
BRDA:120,8,0,0
BRDA:120,8,1,0
BRDA:135,9,0,0
BRDA:135,9,1,0
BRDA:137,10,0,0
BRDA:137,10,1,0
BRDA:181,11,0,0
BRDA:181,11,1,0
BRDA:181,12,0,0
BRDA:181,12,1,0
BRDA:184,13,0,0
BRDA:184,13,1,0
BRDA:193,14,0,0
BRDA:193,14,1,0
BRDA:208,15,0,0
BRDA:208,15,1,1
BRF:33
BRH:1
end_of_record
TN:
SF:home/david/impargo/impargo-apps/src/components/Map/MapBox/gl_map_with_routes.js
FN:6,(anonymous_8)
FN:7,(anonymous_9)
FN:11,(anonymous_10)
FN:13,(anonymous_11)
FN:25,(anonymous_12)
FN:25,(anonymous_13)
FN:27,(anonymous_14)
FN:30,(anonymous_15)
FN:33,(anonymous_16)
FN:41,(anonymous_17)
FN:70,(anonymous_18)
FN:79,(anonymous_19)
FN:94,(anonymous_20)
FN:97,(anonymous_21)
FN:113,(anonymous_22)
FN:124,(anonymous_23)
FN:148,(anonymous_24)
FN:181,(anonymous_26)
FN:185,(anonymous_27)
FN:188,(anonymous_28)
FNF:20
FNH:4
FNDA:0,(anonymous_8)
FNDA:0,(anonymous_9)
FNDA:0,(anonymous_10)
FNDA:0,(anonymous_11)
FNDA:1,(anonymous_12)
FNDA:1,(anonymous_13)
FNDA:0,(anonymous_14)
FNDA:0,(anonymous_15)
FNDA:0,(anonymous_16)
FNDA:0,(anonymous_17)
FNDA:0,(anonymous_18)
FNDA:0,(anonymous_19)
FNDA:0,(anonymous_20)
FNDA:0,(anonymous_21)
FNDA:0,(anonymous_22)
FNDA:0,(anonymous_23)
FNDA:0,(anonymous_24)
FNDA:0,(anonymous_26)
FNDA:1,(anonymous_27)
FNDA:1,(anonymous_28)
DA:1,1
DA:2,1
DA:3,1
DA:4,1
DA:6,1
DA:7,0
DA:8,0
DA:9,0
DA:11,0
DA:13,0
DA:22,0
DA:25,1
DA:28,0
DA:31,0
DA:32,0
DA:33,0
DA:34,0
DA:35,0
DA:36,0
DA:40,0
DA:42,0
DA:43,0
DA:44,0
DA:46,0
DA:48,0
DA:69,0
DA:70,0
DA:71,0
DA:72,0
DA:73,0
DA:76,0
DA:77,0
DA:79,0
DA:80,0
DA:81,0
DA:82,0
DA:83,0
DA:84,0
DA:90,0
DA:91,0
DA:92,0
DA:94,0
DA:95,0
DA:97,0
DA:98,0
DA:99,0
DA:101,0
DA:102,0
DA:103,0
DA:104,0
DA:105,0
DA:106,0
DA:108,0
DA:113,0
DA:114,0
DA:115,0
DA:116,0
DA:117,0
DA:119,0
DA:120,0
DA:121,0
DA:124,0
DA:125,0
DA:126,0
DA:128,0
DA:129,0
DA:130,0
DA:132,0
DA:133,0
DA:135,0
DA:136,0
DA:138,0
DA:141,0
DA:149,0
DA:150,0
DA:152,0
DA:153,0
DA:154,0
DA:155,0
DA:156,0
DA:158,0
DA:161,0
DA:172,0
DA:173,0
DA:174,0
DA:175,0
DA:176,0
DA:177,0
DA:182,0
DA:183,0
DA:186,1
DA:189,1
DA:190,1
DA:191,0
DA:193,1
DA:196,1
DA:200,1
DA:203,1
LF:98
LH:13
BRDA:8,0,0,0
BRDA:8,0,1,0
BRDA:32,1,0,0
BRDA:32,1,1,0
BRDA:34,2,0,0
BRDA:34,2,1,0
BRDA:44,3,0,0
BRDA:44,3,1,0
BRDA:47,4,0,0
BRDA:47,4,1,0
BRDA:60,5,0,0
BRDA:60,5,1,0
BRDA:98,6,0,0
BRDA:98,6,1,0
BRDA:103,7,0,0
BRDA:103,7,1,0
BRDA:116,8,0,0
BRDA:116,8,1,0
BRDA:128,9,0,0
BRDA:128,9,1,0
BRDA:129,10,0,0
BRDA:129,10,1,0
BRDA:132,11,0,0
BRDA:132,11,1,0
BRDA:135,12,0,0
BRDA:135,12,1,0
BRDA:149,13,0,0
BRDA:149,13,1,0
BRDA:155,14,0,0
BRDA:155,14,1,0
BRDA:155,15,0,0
BRDA:155,15,1,0
BRDA:172,16,0,0
BRDA:172,16,1,0
BRDA:174,17,0,0
BRDA:174,17,1,0
BRDA:190,18,0,0
BRDA:190,18,1,1
BRF:38
BRH:1
end_of_record
TN:
SF:home/david/impargo/impargo-apps/src/components/Map/MapBox/gl_map_with_segments.js
FN:6,(anonymous_1)
FN:7,(anonymous_2)
FN:14,(anonymous_3)
FN:30,(anonymous_4)
FN:47,(anonymous_5)
FN:65,(anonymous_6)
FN:67,(anonymous_7)
FN:67,(anonymous_8)
FN:68,(anonymous_9)
FN:75,(anonymous_10)
FN:102,(anonymous_11)
FN:118,(anonymous_12)
FN:121,(anonymous_13)
FN:128,(anonymous_14)
FN:132,(anonymous_15)
FN:139,(anonymous_16)
FN:141,(anonymous_17)
FNF:17
FNH:3
FNDA:0,(anonymous_1)
FNDA:0,(anonymous_2)
FNDA:0,(anonymous_3)
FNDA:0,(anonymous_4)
FNDA:0,(anonymous_5)
FNDA:0,(anonymous_6)
FNDA:0,(anonymous_7)
FNDA:0,(anonymous_8)
FNDA:0,(anonymous_9)
FNDA:0,(anonymous_10)
FNDA:0,(anonymous_11)
FNDA:0,(anonymous_12)
FNDA:0,(anonymous_13)
FNDA:1,(anonymous_14)
FNDA:1,(anonymous_15)
FNDA:1,(anonymous_16)
FNDA:0,(anonymous_17)
DA:1,1
DA:2,1
DA:3,1
DA:4,1
DA:6,1
DA:7,0
DA:8,0
DA:9,0
DA:12,1
DA:14,1
DA:15,0
DA:17,0
DA:20,0
DA:22,0
DA:24,0
DA:28,1
DA:30,1
DA:38,0
DA:39,0
DA:40,0
DA:46,0
DA:47,0
DA:48,0
DA:65,1
DA:66,0
DA:67,0
DA:68,0
DA:69,0
DA:75,1
DA:76,0
DA:77,0
DA:78,0
DA:80,0
DA:81,0
DA:102,0
DA:103,0
DA:104,0
DA:110,0
DA:111,0
DA:116,0
DA:118,0
DA:119,0
DA:121,0
DA:122,0
DA:125,0
DA:128,1
DA:132,1
DA:133,1
DA:134,1
DA:136,0
DA:137,0
DA:139,1
DA:140,1
DA:141,0
DA:144,1
DA:147,1
LF:56
LH:19
BRDA:16,0,0,0
BRDA:16,0,1,0
BRDA:16,0,2,0
BRDA:16,0,3,0
BRDA:16,0,4,0
BRDA:39,1,0,0
BRDA:39,1,1,0
BRDA:77,2,0,0
BRDA:77,2,1,0
BRDA:103,3,0,0
BRDA:103,3,1,0
BRDA:133,4,0,1
BRDA:133,4,1,0
BRDA:140,5,0,0
BRDA:140,5,1,1
BRF:15
BRH:2
end_of_record
TN:
SF:home/david/impargo/impargo-apps/src/components/Map/MapBox/gl_map_with_toll_booth.js
FN:3,(anonymous_0)
FN:5,(anonymous_1)
FN:6,(anonymous_2)
FN:7,(anonymous_3)
FN:23,(anonymous_4)
FN:23,(anonymous_5)
FN:25,(anonymous_6)
FN:28,(anonymous_7)
FN:51,(anonymous_8)
FN:54,(anonymous_9)
FNF:10
FNH:4
FNDA:0,(anonymous_0)
FNDA:0,(anonymous_1)
FNDA:0,(anonymous_2)
FNDA:0,(anonymous_3)
FNDA:1,(anonymous_4)
FNDA:1,(anonymous_5)
FNDA:0,(anonymous_6)
FNDA:0,(anonymous_7)
FNDA:1,(anonymous_8)
FNDA:1,(anonymous_9)
DA:2,1
DA:3,1
DA:4,0
DA:5,0
DA:7,0
DA:8,0
DA:20,0
DA:23,1
DA:24,1
DA:26,0
DA:29,0
DA:30,0
DA:31,0
DA:33,0
DA:52,1
DA:55,1
DA:56,1
DA:57,0
DA:58,0
DA:61,1
DA:65,1
LF:21
LH:9
BRDA:30,0,0,0
BRDA:30,0,1,0
BRDA:56,1,0,0
BRDA:56,1,1,1
BRDA:57,2,0,0
BRDA:57,2,1,0
BRF:6
BRH:1
end_of_record
TN:
SF:home/david/impargo/impargo-apps/src/components/Map/MapBox/mapLoader.ts
FN:3,(anonymous_6)
FN:3,(anonymous_7)
FNF:2
FNH:0
FNDA:0,(anonymous_6)
FNDA:0,(anonymous_7)
DA:1,3
DA:3,3
LF:2
LH:2
BRF:0
BRH:0
end_of_record
TN:
SF:home/david/impargo/impargo-apps/src/components/Map/components/FavoritesMenu.tsx
FN:19,(anonymous_1)
FN:24,(anonymous_2)
FN:53,(anonymous_3)
FN:65,(anonymous_4)
FNF:4
FNH:4
FNDA:1,(anonymous_1)
FNDA:1,(anonymous_2)
FNDA:1,(anonymous_3)
FNDA:1,(anonymous_4)
DA:1,5
DA:2,5
DA:3,5
DA:4,5
DA:5,5
DA:6,5
DA:7,5
DA:9,5
DA:10,5
DA:11,5
DA:19,5
DA:24,1
DA:29,1
DA:30,1
DA:32,1
DA:54,1
DA:55,1
DA:65,1
DA:77,5
LF:19
LH:19
BRDA:54,0,0,1
BRDA:54,0,1,0
BRDA:54,1,0,1
BRDA:54,1,1,1
BRF:4
BRH:3
end_of_record
TN:
SF:home/david/impargo/impargo-apps/src/components/Map/components/MapContextMenu.tsx
FN:43,(anonymous_8)
FN:46,(anonymous_9)
FN:47,(anonymous_10)
FN:56,(anonymous_11)
FN:66,(anonymous_12)
FN:82,(anonymous_13)
FN:90,(anonymous_14)
FN:90,(anonymous_15)
FN:104,(anonymous_16)
FN:111,(anonymous_17)
FN:113,(anonymous_18)
FN:121,(anonymous_19)
FN:130,(anonymous_20)
FN:134,(anonymous_21)
FN:143,(anonymous_22)
FN:143,(anonymous_23)
FN:151,(anonymous_24)
FN:169,(anonymous_25)
FN:203,(anonymous_26)
FNF:19
FNH:8
FNDA:0,(anonymous_8)
FNDA:0,(anonymous_9)
FNDA:0,(anonymous_10)
FNDA:3,(anonymous_11)
FNDA:17,(anonymous_12)
FNDA:12,(anonymous_13)
FNDA:5,(anonymous_14)
FNDA:5,(anonymous_15)
FNDA:17,(anonymous_16)
FNDA:12,(anonymous_17)
FNDA:0,(anonymous_18)
FNDA:0,(anonymous_19)
FNDA:0,(anonymous_20)
FNDA:3,(anonymous_21)
FNDA:0,(anonymous_22)
FNDA:0,(anonymous_23)
FNDA:0,(anonymous_24)
FNDA:0,(anonymous_25)
FNDA:0,(anonymous_26)
DA:1,7
DA:2,7
DA:3,7
DA:4,7
DA:5,7
DA:6,7
DA:7,7
DA:8,7
DA:10,7
DA:11,7
DA:14,7
DA:15,7
DA:17,7
DA:18,7
DA:19,7
DA:20,7
DA:21,7
DA:43,7
DA:44,0
DA:46,7
DA:47,0
DA:48,0
DA:50,0
DA:53,0
DA:56,7
DA:57,3
DA:59,0
DA:62,3
DA:66,7
DA:75,17
DA:76,17
DA:77,17
DA:78,17
DA:79,17
DA:80,17
DA:81,17
DA:82,17
DA:83,12
DA:84,7
DA:86,5
DA:87,0
DA:88,0
DA:90,5
DA:91,5
DA:99,5
DA:101,5
DA:104,17
DA:111,17
DA:112,17
DA:114,0
DA:115,0
DA:121,17
DA:122,0
DA:130,0
DA:132,17
DA:134,17
DA:135,3
DA:139,3
DA:140,3
DA:143,17
DA:144,0
DA:148,0
DA:149,0
DA:151,0
DA:152,0
DA:153,0
DA:157,0
DA:158,0
DA:159,0
DA:161,0
DA:164,0
DA:166,0
DA:169,17
DA:170,0
DA:174,0
DA:175,0
DA:178,17
DA:203,7
DA:204,0
DA:208,7
LF:80
LH:52
BRDA:48,0,0,0
BRDA:48,0,1,0
BRDA:57,1,0,0
BRDA:57,1,1,3
BRDA:69,2,0,17
BRDA:71,3,0,17
BRDA:76,4,0,10
BRDA:76,4,1,7
BRDA:76,5,0,17
BRDA:76,5,1,17
BRDA:77,6,0,7
BRDA:77,6,1,10
BRDA:78,7,0,17
BRDA:78,7,1,7
BRDA:79,8,0,7
BRDA:79,8,1,10
BRDA:83,9,0,7
BRDA:83,9,1,5
BRDA:86,10,0,0
BRDA:86,10,1,5
BRDA:92,11,0,0
BRDA:92,11,1,5
BRDA:106,12,0,17
BRDA:106,12,1,7
BRDA:107,13,0,17
BRDA:107,13,1,5
BRDA:108,14,0,17
BRDA:108,14,1,7
BRDA:108,14,2,10
BRDA:111,15,0,7
BRDA:111,15,1,5
BRDA:124,16,0,0
BRDA:124,16,1,0
BRDA:124,17,0,0
BRDA:124,17,1,0
BRDA:148,18,0,0
BRDA:148,18,1,0
BRDA:158,19,0,0
BRDA:158,19,1,0
BRF:39
BRH:26
end_of_record
TN:
SF:home/david/impargo/impargo-apps/src/components/Map/components/MapPopupMenu.tsx
FN:55,(anonymous_1)
FN:75,(anonymous_2)
FN:81,(anonymous_3)
FN:84,(anonymous_4)
FN:84,(anonymous_5)
FN:88,(anonymous_6)
FNF:6
FNH:6
FNDA:17,(anonymous_1)
FNDA:12,(anonymous_2)
FNDA:12,(anonymous_3)
FNDA:17,(anonymous_4)
FNDA:32,(anonymous_5)
FNDA:17,(anonymous_6)
DA:1,7
DA:2,7
DA:6,7
DA:7,7
DA:8,7
DA:9,7
DA:10,7
DA:11,7
DA:12,7
DA:13,7
DA:14,7
DA:15,7
DA:16,7
DA:17,7
DA:22,7
DA:24,7
DA:25,7
DA:26,7
DA:27,7
DA:29,7
DA:55,7
DA:72,17
DA:73,17
DA:75,17
DA:81,17
DA:83,17
DA:84,32
DA:88,17
DA:90,17
DA:201,7
LF:30
LH:30
BRDA:58,0,0,0
BRDA:84,1,0,17
BRDA:84,1,1,17
BRDA:88,2,0,12
BRDA:88,2,1,5
BRDA:103,3,0,7
BRDA:103,3,1,10
BRDA:117,4,0,17
BRDA:117,4,1,7
BRDA:122,5,0,17
BRDA:122,5,1,7
BRDA:122,5,2,7
BRF:12
BRH:11
end_of_record
TN:
SF:home/david/impargo/impargo-apps/src/components/Sidebar/SidebarItem.tsx
FN:24,(anonymous_2)
FN:71,(anonymous_3)
FN:94,(anonymous_4)
FNF:3
FNH:2
FNDA:50,(anonymous_2)
FNDA:0,(anonymous_3)
FNDA:10,(anonymous_4)
DA:2,3
DA:3,3
DA:4,3
DA:5,3
DA:7,3
DA:8,3
DA:24,3
DA:35,50
DA:36,50
DA:38,50
DA:71,0
DA:94,3
DA:95,10
LF:13
LH:12
BRDA:50,0,0,1
BRDA:50,0,1,49
BRDA:48,1,0,50
BRDA:48,1,1,2
BRDA:58,2,0,1
BRDA:58,2,1,1
BRDA:66,3,0,49
BRDA:66,3,1,34
BRDA:71,4,0,0
BRDA:71,4,1,0
BRDA:71,5,0,0
BRDA:71,5,1,0
BRDA:72,6,0,1
BRDA:72,6,1,49
BRDA:72,7,0,50
BRDA:72,7,1,2
BRDA:76,8,0,0
BRDA:76,8,1,1
BRF:18
BRH:13
end_of_record
TN:
SF:home/david/impargo/impargo-apps/src/components/Sidebar/index.tsx
FN:35,(anonymous_1)
FN:45,(anonymous_2)
FN:55,(anonymous_3)
FN:56,(anonymous_4)
FN:69,(anonymous_5)
FN:71,(anonymous_6)
FN:74,(anonymous_7)
FN:77,(anonymous_8)
FN:80,(anonymous_9)
FN:198,(anonymous_10)
FNF:10
FNH:4
FNDA:5,(anonymous_1)
FNDA:0,(anonymous_2)
FNDA:5,(anonymous_3)
FNDA:0,(anonymous_4)
FNDA:5,(anonymous_5)
FNDA:0,(anonymous_6)
FNDA:0,(anonymous_7)
FNDA:0,(anonymous_8)
FNDA:5,(anonymous_9)
FNDA:0,(anonymous_10)
DA:1,2
DA:2,2
DA:3,2
DA:4,2
DA:5,2
DA:6,2
DA:7,2
DA:8,2
DA:9,2
DA:10,2
DA:11,2
DA:12,2
DA:13,2
DA:14,2
DA:15,2
DA:16,2
DA:17,2
DA:19,2
DA:29,2
DA:35,2
DA:42,5
DA:44,5
DA:45,5
DA:46,0
DA:47,0
DA:50,5
DA:52,5
DA:53,5
DA:54,5
DA:55,5
DA:57,0
DA:58,0
DA:60,0
DA:61,0
DA:63,0
DA:68,5
DA:69,5
DA:70,5
DA:71,5
DA:72,0
DA:74,5
DA:75,0
DA:77,5
DA:78,0
DA:80,5
DA:81,5
DA:82,5
DA:83,5
DA:87,5
DA:198,0
DA:207,2
LF:51
LH:40
BRDA:46,0,0,0
BRDA:46,0,1,0
BRDA:46,1,0,0
BRDA:46,1,1,0
BRDA:57,2,0,0
BRDA:57,2,1,0
BRDA:60,3,0,0
BRDA:60,3,1,0
BRDA:65,4,0,5
BRDA:65,4,1,5
BRDA:66,5,0,5
BRDA:66,5,1,0
BRDA:70,6,0,5
BRDA:70,6,1,0
BRDA:88,7,0,3
BRDA:88,7,1,2
BRDA:126,8,0,0
BRDA:126,8,1,5
BRDA:200,9,0,3
BRDA:200,9,1,2
BRF:20
BRH:9
end_of_record
TN:
SF:home/david/impargo/impargo-apps/src/components/api/OrderBadgesContext.tsx
FN:16,(anonymous_0)
FN:19,(anonymous_1)
FN:22,(anonymous_2)
FNF:3
FNH:0
FNDA:0,(anonymous_0)
FNDA:0,(anonymous_1)
FNDA:0,(anonymous_2)
DA:1,133
DA:12,133
DA:17,0
DA:20,0
DA:23,0
LF:5
LH:2
BRF:0
BRH:0
end_of_record
TN:
SF:home/david/impargo/impargo-apps/src/components/api/OrderBadgesContextProvider.tsx
FN:5,(anonymous_0)
FN:12,(anonymous_1)
FN:13,(anonymous_2)
FN:16,(anonymous_3)
FN:19,(anonymous_4)
FN:22,(anonymous_5)
FNF:6
FNH:6
FNDA:6,(anonymous_0)
FNDA:3,(anonymous_1)
FNDA:1,(anonymous_2)
FNDA:1,(anonymous_3)
FNDA:1,(anonymous_4)
FNDA:3,(anonymous_5)
DA:1,1
DA:2,1
DA:3,1
DA:5,1
DA:8,6
DA:9,6
DA:10,6
DA:11,6
DA:12,6
DA:13,3
DA:14,1
DA:16,3
DA:17,1
DA:19,3
DA:20,1
DA:22,3
DA:23,3
DA:24,3
DA:25,3
DA:28,6
LF:20
LH:20
BRF:0
BRH:0
end_of_record
TN:
SF:home/david/impargo/impargo-apps/src/components/api/abtests_context.tsx
FNF:0
FNH:0
DA:2,134
DA:7,134
DA:11,134
LF:3
LH:3
BRF:0
BRH:0
end_of_record
TN:
SF:home/david/impargo/impargo-apps/src/components/api/browser_support.ts
FN:3,(anonymous_0)
FN:39,(anonymous_1)
FNF:2
FNH:1
FNDA:10,(anonymous_0)
FNDA:0,(anonymous_1)
DA:1,1
DA:3,1
DA:4,10
DA:5,10
DA:6,10
DA:7,10
DA:8,10
DA:9,10
DA:12,2
DA:14,0
DA:16,0
DA:18,1
DA:20,1
DA:22,2
DA:24,0
DA:31,3
DA:33,1
DA:35,0
DA:39,1
DA:40,0
DA:42,0
LF:21
LH:15
BRDA:3,0,0,10
BRDA:5,1,0,0
BRDA:5,1,1,10
BRDA:5,2,0,10
BRDA:5,2,1,10
BRDA:6,3,0,0
BRDA:6,3,1,10
BRDA:6,4,0,10
BRDA:6,4,1,10
BRDA:7,5,0,10
BRDA:7,5,1,0
BRDA:8,6,0,10
BRDA:8,6,1,0
BRDA:10,7,0,1
BRDA:10,7,1,2
BRDA:10,7,2,0
BRDA:10,7,3,0
BRDA:10,7,4,1
BRDA:10,7,5,1
BRDA:10,7,6,2
BRDA:10,7,7,0
BRDA:10,7,8,1
BRDA:10,7,9,1
BRDA:10,7,10,2
BRDA:10,7,11,2
BRDA:10,7,12,3
BRDA:10,7,13,3
BRDA:10,7,14,1
BRDA:10,7,15,0
BRDA:33,8,0,1
BRDA:33,8,1,1
BRDA:40,9,0,0
BRDA:40,9,1,0
BRF:33
BRH:23
end_of_record
TN:
SF:home/david/impargo/impargo-apps/src/components/api/chat_context.js
FNF:0
FNH:0
DA:1,132
DA:3,132
DA:5,132
LF:3
LH:3
BRF:0
BRH:0
end_of_record
TN:
SF:home/david/impargo/impargo-apps/src/components/api/chat_provider.js
FN:14,(anonymous_8)
FN:16,(anonymous_9)
FN:29,(anonymous_10)
FN:47,(anonymous_11)
FN:48,(anonymous_12)
FN:57,(anonymous_13)
FN:65,(anonymous_14)
FN:71,(anonymous_15)
FN:86,(anonymous_16)
FN:98,(anonymous_17)
FN:98,(anonymous_18)
FNF:11
FNH:9
FNDA:0,(anonymous_8)
FNDA:41,(anonymous_9)
FNDA:16,(anonymous_10)
FNDA:1,(anonymous_11)
FNDA:0,(anonymous_12)
FNDA:15,(anonymous_13)
FNDA:14,(anonymous_14)
FNDA:2,(anonymous_15)
FNDA:1,(anonymous_16)
FNDA:1,(anonymous_17)
FNDA:1,(anonymous_18)
DA:1,3
DA:2,3
DA:3,3
DA:4,3
DA:5,3
DA:6,3
DA:7,3
DA:8,3
DA:9,3
DA:10,3
DA:12,3
DA:14,3
DA:16,3
DA:19,41
DA:20,41
DA:21,41
DA:22,41
DA:23,41
DA:24,41
DA:25,41
DA:27,41
DA:29,41
DA:31,16
DA:32,15
DA:34,1
DA:38,1
DA:39,1
DA:41,1
DA:47,1
DA:48,1
DA:52,1
DA:56,41
DA:58,15
DA:59,0
DA:61,15
DA:62,15
DA:66,14
DA:67,14
DA:68,0
DA:70,14
DA:71,14
DA:72,2
DA:74,14
DA:80,0
DA:86,41
DA:87,1
DA:88,0
DA:90,1
DA:98,41
DA:99,1
DA:103,1
DA:104,0
DA:106,1
DA:120,41
DA:135,3
DA:142,3
LF:56
LH:51
BRDA:24,0,0,0
BRDA:24,0,1,41
BRDA:24,1,0,41
BRDA:24,1,1,41
BRDA:25,2,0,41
BRDA:25,2,1,0
BRDA:31,3,0,15
BRDA:31,3,1,1
BRDA:31,4,0,16
BRDA:31,4,1,16
BRDA:31,4,2,16
BRDA:38,5,0,1
BRDA:38,5,1,0
BRDA:58,6,0,0
BRDA:58,6,1,15
BRDA:67,7,0,0
BRDA:67,7,1,14
BRDA:87,8,0,0
BRDA:87,8,1,1
BRDA:103,9,0,0
BRDA:103,9,1,1
BRDA:114,10,0,1
BRDA:114,10,1,0
BRDA:114,11,0,0
BRDA:114,11,1,1
BRDA:114,12,0,1
BRDA:114,12,1,1
BRDA:115,13,0,1
BRDA:115,13,1,1
BRDA:128,14,0,41
BRDA:128,14,1,0
BRF:31
BRH:21
end_of_record
TN:
SF:home/david/impargo/impargo-apps/src/components/api/company_context_provider.tsx
FN:24,(anonymous_14)
FN:28,(anonymous_15)
FN:79,(anonymous_16)
FN:82,(anonymous_17)
FN:82,(anonymous_18)
FN:83,(anonymous_19)
FN:83,(anonymous_20)
FN:83,(anonymous_21)
FN:101,(anonymous_22)
FN:101,(anonymous_23)
FN:112,(anonymous_24)
FN:115,(anonymous_25)
FN:121,(anonymous_26)
FN:130,(anonymous_27)
FN:131,(anonymous_28)
FN:136,(anonymous_29)
FNF:16
FNH:12
FNDA:0,(anonymous_14)
FNDA:26,(anonymous_15)
FNDA:9,(anonymous_16)
FNDA:2,(anonymous_17)
FNDA:2,(anonymous_18)
FNDA:2,(anonymous_19)
FNDA:0,(anonymous_20)
FNDA:0,(anonymous_21)
FNDA:12,(anonymous_22)
FNDA:12,(anonymous_23)
FNDA:6,(anonymous_24)
FNDA:15,(anonymous_25)
FNDA:6,(anonymous_26)
FNDA:26,(anonymous_27)
FNDA:0,(anonymous_28)
FNDA:26,(anonymous_29)
DA:1,1
DA:2,1
DA:4,1
DA:7,1
DA:8,1
DA:9,1
DA:11,1
DA:12,1
DA:17,1
DA:18,1
DA:20,1
DA:21,1
DA:22,1
DA:24,1
DA:25,0
DA:28,1
DA:31,26
DA:32,26
DA:33,26
DA:38,26
DA:48,26
DA:56,26
DA:64,26
DA:69,26
DA:74,26
DA:78,26
DA:79,26
DA:80,9
DA:81,9
DA:82,2
DA:83,2
DA:84,2
DA:85,2
DA:93,2
DA:95,2
DA:97,7
DA:101,26
DA:104,26
DA:105,26
DA:112,26
DA:115,26
DA:121,26
DA:127,26
DA:128,26
DA:129,26
DA:130,26
DA:131,26
DA:132,0
DA:133,0
DA:136,26
DA:140,26
DA:157,1
LF:52
LH:49
BRDA:80,0,0,6
BRDA:80,0,1,3
BRDA:80,1,0,9
BRDA:80,1,1,9
BRDA:81,2,0,2
BRDA:81,2,1,7
BRDA:81,3,0,9
BRDA:81,3,1,3
BRDA:81,3,2,3
BRDA:81,3,3,2
BRDA:91,4,0,0
BRDA:91,4,1,2
BRDA:91,5,0,2
BRDA:91,5,1,2
BRDA:91,6,0,0
BRDA:91,6,1,2
BRDA:91,7,0,2
BRDA:91,7,1,2
BRDA:101,8,0,10
BRDA:101,8,1,2
BRDA:101,9,0,12
BRDA:101,9,1,2
BRDA:101,10,0,0
BRDA:101,10,1,12
BRDA:101,11,0,12
BRDA:101,11,1,12
BRDA:104,12,0,26
BRDA:104,12,1,14
BRDA:104,13,0,26
BRDA:104,13,1,14
BRDA:104,13,2,14
BRDA:105,14,0,26
BRDA:105,14,1,20
BRDA:105,14,2,17
BRDA:105,14,3,14
BRDA:105,14,4,11
BRDA:105,14,5,3
BRDA:105,14,6,0
BRDA:113,15,0,6
BRDA:113,15,1,3
BRDA:113,15,2,3
BRDA:116,16,0,15
BRDA:116,16,1,12
BRDA:116,16,2,3
BRDA:117,17,0,15
BRDA:117,17,1,9
BRDA:117,17,2,6
BRDA:118,18,0,15
BRDA:118,18,1,3
BRDA:118,18,2,12
BRDA:119,19,0,15
BRDA:119,19,1,6
BRDA:119,19,2,15
BRDA:122,20,0,6
BRDA:122,20,1,3
BRDA:122,21,0,3
BRDA:122,21,1,3
BRDA:122,22,0,6
BRDA:122,22,1,6
BRDA:122,23,0,3
BRDA:122,23,1,3
BRDA:122,24,0,6
BRDA:122,24,1,6
BRDA:127,25,0,26
BRDA:127,25,1,15
BRDA:127,26,0,15
BRDA:127,26,1,11
BRDA:127,27,0,26
BRDA:127,27,1,26
BRDA:127,28,0,15
BRDA:127,28,1,11
BRDA:127,29,0,26
BRDA:127,29,1,26
BRDA:128,30,0,26
BRDA:128,30,1,15
BRDA:128,31,0,15
BRDA:128,31,1,11
BRDA:128,32,0,26
BRDA:128,32,1,26
BRDA:128,33,0,15
BRDA:128,33,1,11
BRDA:128,34,0,26
BRDA:128,34,1,26
BRDA:129,35,0,26
BRDA:129,35,1,12
BRDA:129,36,0,12
BRDA:129,36,1,14
BRDA:129,37,0,26
BRDA:129,37,1,26
BRDA:129,38,0,12
BRDA:129,38,1,14
BRDA:129,39,0,26
BRDA:129,39,1,26
BRDA:132,40,0,0
BRDA:132,40,1,0
BRDA:132,41,0,0
BRDA:132,41,1,0
BRDA:150,42,0,23
BRDA:150,42,1,3
BRF:99
BRH:91
end_of_record
TN:
SF:home/david/impargo/impargo-apps/src/components/api/costprofiles_consumer.tsx
FN:17,(anonymous_1)
FN:18,(anonymous_2)
FN:24,(anonymous_3)
FN:25,(anonymous_4)
FNF:4
FNH:2
FNDA:18,(anonymous_1)
FNDA:7,(anonymous_2)
FNDA:0,(anonymous_3)
FNDA:0,(anonymous_4)
DA:1,15
DA:2,15
DA:3,15
DA:4,15
DA:5,15
DA:7,15
DA:9,15
DA:17,15
DA:18,18
DA:19,7
DA:20,7
DA:21,0
DA:23,7
DA:24,0
DA:25,0
DA:27,7
DA:29,18
LF:17
LH:14
BRDA:20,0,0,0
BRDA:20,0,1,7
BRF:2
BRH:1
end_of_record
TN:
SF:home/david/impargo/impargo-apps/src/components/api/costprofiles_context.ts
FNF:0
FNH:0
DA:4,134
DA:10,134
DA:11,134
LF:3
LH:3
BRF:0
BRH:0
end_of_record
TN:
SF:home/david/impargo/impargo-apps/src/components/api/countries.ts
FN:6,(anonymous_14)
FN:6,(anonymous_15)
FN:8,(anonymous_16)
FN:23,(anonymous_17)
FN:46,(anonymous_18)
FN:47,(anonymous_19)
FNF:6
FNH:6
FNDA:44,(anonymous_14)
FNDA:44,(anonymous_15)
FNDA:88,(anonymous_16)
FNDA:21,(anonymous_17)
FNDA:1958,(anonymous_18)
FNDA:7,(anonymous_19)
DA:1,44
DA:2,44
DA:3,44
DA:5,44
DA:6,44
DA:7,44
DA:8,88
DA:11,44
DA:13,44
DA:14,44
DA:16,44
DA:23,44
DA:24,21
DA:25,21
DA:26,11
DA:28,10
DA:29,10
DA:30,10
DA:32,4
DA:34,10
DA:35,6
DA:37,4
DA:39,7
DA:40,7
DA:41,3
DA:46,1958
DA:47,44
DA:48,7
DA:49,4
LF:29
LH:29
BRDA:24,0,0,21
BRDA:24,0,1,10
BRDA:25,1,0,11
BRDA:25,1,1,10
BRDA:30,2,0,10
BRDA:30,2,1,10
BRDA:30,2,2,0
BRDA:30,2,3,0
BRDA:34,3,0,6
BRDA:34,3,1,4
BRDA:40,4,0,3
BRDA:40,4,1,4
BRDA:46,5,0,1958
BRDA:46,5,1,1954
BRDA:48,6,0,3
BRDA:48,6,1,4
BRDA:48,7,0,0
BRDA:48,7,1,7
BRDA:48,8,0,7
BRDA:48,8,1,7
BRDA:49,9,0,4
BRDA:49,9,1,4
BRF:22
BRH:19
end_of_record
TN:
SF:home/david/impargo/impargo-apps/src/components/api/country_border_context.ts
FNF:0
FNH:0
DA:1,134
DA:20,134
DA:22,134
DA:24,134
LF:4
LH:4
BRF:0
BRH:0
end_of_record
TN:
SF:home/david/impargo/impargo-apps/src/components/api/country_border_provider.tsx
FN:6,(anonymous_14)
FN:10,(anonymous_15)
FN:11,(anonymous_16)
FN:11,(anonymous_17)
FN:27,(anonymous_18)
FN:29,(anonymous_19)
FN:29,(anonymous_20)
FNF:7
FNH:5
FNDA:3,(anonymous_14)
FNDA:3,(anonymous_15)
FNDA:3,(anonymous_16)
FNDA:3,(anonymous_17)
FNDA:3,(anonymous_18)
FNDA:0,(anonymous_19)
FNDA:0,(anonymous_20)
DA:1,1
DA:2,1
DA:3,1
DA:4,1
DA:6,1
DA:9,3
DA:10,3
DA:11,3
DA:12,3
DA:13,1
DA:14,1
DA:19,0
DA:21,0
DA:27,3
DA:28,3
DA:29,2
DA:30,0
DA:31,0
DA:36,3
DA:41,1
LF:20
LH:16
BRDA:13,0,0,1
BRDA:13,0,1,0
BRDA:28,1,0,2
BRDA:28,1,1,1
BRDA:28,2,0,1
BRDA:28,2,1,2
BRDA:28,3,0,3
BRDA:28,3,1,3
BRF:8
BRH:7
end_of_record
TN:
SF:home/david/impargo/impargo-apps/src/components/api/favorite_categories.tsx
FN:35,(anonymous_0)
FN:41,(anonymous_1)
FNF:2
FNH:1
FNDA:6,(anonymous_0)
FNDA:0,(anonymous_1)
DA:1,26
DA:4,26
DA:5,26
DA:6,26
DA:7,26
DA:9,26
DA:35,26
DA:39,6
DA:41,0
DA:43,6
LF:10
LH:9
BRDA:35,0,0,0
BRDA:44,1,0,6
BRDA:44,1,1,3
BRDA:44,2,0,3
BRDA:44,2,1,3
BRDA:44,3,0,6
BRDA:44,3,1,6
BRF:7
BRH:6
end_of_record
TN:
SF:home/david/impargo/impargo-apps/src/components/api/fcm.tsx
FN:23,(anonymous_8)
FN:25,(anonymous_9)
FN:25,(anonymous_10)
FN:60,(anonymous_11)
FN:60,(anonymous_12)
FN:71,(anonymous_13)
FN:74,(anonymous_14)
FN:77,(anonymous_15)
FNF:8
FNH:8
FNDA:5,(anonymous_8)
FNDA:9,(anonymous_9)
FNDA:9,(anonymous_10)
FNDA:2,(anonymous_11)
FNDA:2,(anonymous_12)
FNDA:9,(anonymous_13)
FNDA:9,(anonymous_14)
FNDA:3,(anonymous_15)
DA:1,2
DA:2,2
DA:3,2
DA:4,2
DA:5,2
DA:6,2
DA:7,2
DA:9,2
DA:15,2
DA:23,5
DA:25,9
DA:26,9
DA:27,9
DA:29,9
DA:34,7
DA:37,2
DA:38,2
DA:39,2
DA:40,2
DA:46,2
DA:47,1
DA:48,1
DA:51,1
DA:52,1
DA:53,1
DA:54,1
DA:55,1
DA:57,0
DA:60,2
DA:61,2
DA:62,2
DA:63,2
DA:65,2
DA:66,0
DA:71,2
DA:72,9
DA:73,9
DA:74,9
DA:75,9
DA:77,9
DA:78,3
DA:80,9
DA:83,2
LF:43
LH:41
BRDA:26,0,0,9
BRDA:26,0,1,9
BRDA:27,1,0,9
BRDA:27,1,1,9
BRDA:29,2,0,7
BRDA:29,2,1,2
BRDA:29,3,0,9
BRDA:29,3,1,6
BRDA:29,3,2,3
BRDA:29,3,3,3
BRDA:29,3,4,2
BRDA:38,4,0,2
BRDA:38,4,1,0
BRDA:46,5,0,1
BRDA:46,5,1,1
BRDA:52,6,0,0
BRDA:52,6,1,1
BRDA:52,7,0,1
BRDA:52,7,1,1
BRDA:61,8,0,2
BRDA:61,8,1,0
BRDA:62,9,0,2
BRDA:62,9,1,0
BRDA:65,10,0,0
BRDA:65,10,1,2
BRDA:73,11,0,6
BRDA:73,11,1,3
BRDA:73,12,0,9
BRDA:73,12,1,9
BRF:29
BRH:24
end_of_record
TN:
SF:home/david/impargo/impargo-apps/src/components/api/firebase_app.js
FNF:0
FNH:0
DA:1,4
DA:2,4
DA:3,4
DA:13,4
LF:4
LH:4
BRF:0
BRH:0
end_of_record
TN:
SF:home/david/impargo/impargo-apps/src/components/api/firebase_context.ts
FNF:0
FNH:0
DA:2,14
DA:9,14
DA:11,14
LF:3
LH:3
BRF:0
BRH:0
end_of_record
TN:
SF:home/david/impargo/impargo-apps/src/components/api/firebase_provider.tsx
FN:12,(anonymous_14)
FN:17,(anonymous_15)
FN:22,(anonymous_16)
FN:22,(anonymous_17)
FN:24,(anonymous_18)
FN:25,(anonymous_19)
FN:25,(anonymous_20)
FN:43,(anonymous_21)
FN:45,(anonymous_22)
FN:60,(anonymous_23)
FNF:10
FNH:7
FNDA:22,(anonymous_14)
FNDA:1,(anonymous_15)
FNDA:0,(anonymous_16)
FNDA:0,(anonymous_17)
FNDA:8,(anonymous_18)
FNDA:13,(anonymous_19)
FNDA:13,(anonymous_20)
FNDA:21,(anonymous_21)
FNDA:0,(anonymous_22)
FNDA:21,(anonymous_23)
DA:1,2
DA:2,2
DA:3,2
DA:4,2
DA:5,2
DA:6,2
DA:7,2
DA:9,2
DA:10,2
DA:12,2
DA:15,22
DA:17,1
DA:19,22
DA:20,22
DA:21,22
DA:22,22
DA:24,22
DA:25,13
DA:26,13
DA:27,7
DA:29,6
DA:33,6
DA:35,0
DA:39,8
DA:42,22
DA:44,21
DA:45,0
DA:47,0
DA:51,21
DA:52,1
DA:58,22
DA:60,22
DA:66,22
DA:73,2
LF:34
LH:31
BRDA:19,0,0,16
BRDA:19,0,1,6
BRDA:19,1,0,22
BRDA:19,1,1,22
BRDA:19,2,0,16
BRDA:19,2,1,6
BRDA:19,3,0,22
BRDA:19,3,1,22
BRDA:20,4,0,16
BRDA:20,4,1,6
BRDA:20,5,0,22
BRDA:20,5,1,22
BRDA:20,6,0,16
BRDA:20,6,1,6
BRDA:20,7,0,22
BRDA:20,7,1,22
BRDA:26,8,0,7
BRDA:26,8,1,6
BRDA:29,9,0,6
BRDA:29,9,1,0
BRDA:44,10,0,0
BRDA:44,10,1,21
BRDA:44,11,0,21
BRDA:44,11,1,8
BRDA:51,12,0,1
BRDA:51,12,1,20
BRDA:51,13,0,21
BRDA:51,13,1,13
BRDA:51,13,2,6
BRDA:58,14,0,22
BRDA:58,14,1,6
BRDA:58,14,2,6
BRDA:61,15,0,15
BRDA:61,15,1,6
BRDA:61,16,0,21
BRDA:61,16,1,21
BRDA:64,17,0,16
BRDA:64,17,1,6
BRDA:64,18,0,22
BRDA:64,18,1,22
BRF:40
BRH:38
end_of_record
TN:
SF:home/david/impargo/impargo-apps/src/components/api/geocoding.d.ts
FNF:0
FNH:0
LF:0
LH:0
BRF:0
BRH:0
end_of_record
TN:
SF:home/david/impargo/impargo-apps/src/components/api/geocoding.ts
FN:30,(anonymous_8)
FN:53,(anonymous_9)
FN:69,(anonymous_10)
FN:69,(anonymous_11)
FN:81,(anonymous_12)
FN:95,(anonymous_13)
FNF:6
FNH:5
FNDA:5,(anonymous_8)
FNDA:3,(anonymous_9)
FNDA:3,(anonymous_10)
FNDA:3,(anonymous_11)
FNDA:8,(anonymous_12)
FNDA:0,(anonymous_13)
DA:8,36
DA:9,36
DA:16,36
DA:22,36
DA:30,36
DA:31,5
DA:32,5
DA:33,0
DA:35,5
DA:36,2
DA:38,3
DA:40,1
DA:42,1
DA:44,1
DA:45,1
DA:53,36
DA:54,3
DA:58,3
DA:60,1
DA:62,1
DA:64,1
DA:65,1
DA:69,36
DA:70,3
DA:72,1
DA:74,1
DA:76,1
DA:77,1
DA:81,36
DA:82,8
DA:84,5
DA:87,2
DA:88,2
DA:90,1
DA:91,1
DA:95,36
DA:96,0
DA:99,0
DA:101,0
DA:103,0
LF:40
LH:35
BRDA:32,0,0,0
BRDA:32,0,1,5
BRDA:32,1,0,5
BRDA:32,1,1,5
BRDA:35,2,0,2
BRDA:35,2,1,3
BRDA:35,3,0,5
BRDA:35,3,1,4
BRDA:39,4,0,1
BRDA:39,4,1,1
BRDA:39,4,2,1
BRDA:59,5,0,1
BRDA:59,5,1,1
BRDA:59,5,2,1
BRDA:71,6,0,1
BRDA:71,6,1,1
BRDA:71,6,2,1
BRDA:83,7,0,5
BRDA:83,7,1,2
BRDA:83,7,2,1
BRDA:87,8,0,2
BRDA:87,8,1,1
BRDA:97,9,0,0
BRDA:97,9,1,0
BRDA:97,9,2,0
BRF:25
BRH:21
end_of_record
TN:
SF:home/david/impargo/impargo-apps/src/components/api/global_style_provider.tsx
FN:6,(anonymous_1)
FNF:1
FNH:0
FNDA:0,(anonymous_1)
DA:2,0
DA:3,0
DA:6,0
DA:7,0
DA:76,0
LF:5
LH:0
BRF:0
BRH:0
end_of_record
TN:
SF:home/david/impargo/impargo-apps/src/components/api/language_provider.tsx
FN:5,(anonymous_1)
FN:10,(anonymous_2)
FNF:2
FNH:0
FNDA:0,(anonymous_1)
FNDA:0,(anonymous_2)
DA:1,0
DA:2,0
DA:3,0
DA:5,0
DA:6,0
DA:7,0
DA:10,0
DA:11,0
DA:18,0
LF:9
LH:0
BRF:0
BRH:0
end_of_record
TN:
SF:home/david/impargo/impargo-apps/src/components/api/premium_consumer.tsx
FN:11,(anonymous_1)
FN:11,(anonymous_2)
FN:13,(anonymous_3)
FNF:3
FNH:3
FNDA:15,(anonymous_1)
FNDA:192,(anonymous_2)
FNDA:192,(anonymous_3)
DA:1,133
DA:2,133
DA:4,133
DA:11,133
DA:12,192
DA:13,192
LF:6
LH:6
BRF:0
BRH:0
end_of_record
TN:
SF:home/david/impargo/impargo-apps/src/components/api/premium_context.ts
FNF:0
FNH:0
DA:4,138
DA:12,138
DA:16,138
LF:3
LH:3
BRF:0
BRH:0
end_of_record
TN:
SF:home/david/impargo/impargo-apps/src/components/api/private_route.tsx
FN:13,(anonymous_2)
FN:24,(anonymous_3)
FNF:2
FNH:2
FNDA:6,(anonymous_2)
FNDA:6,(anonymous_3)
DA:1,1
DA:3,1
DA:4,1
DA:5,1
DA:6,1
DA:13,1
DA:15,6
DA:16,6
DA:18,6
DA:19,6
DA:20,6
DA:21,6
DA:25,6
DA:26,1
DA:28,1
DA:29,1
DA:36,5
DA:37,1
DA:40,4
DA:41,2
DA:42,1
DA:44,1
DA:48,2
DA:54,1
LF:24
LH:24
BRDA:19,0,0,6
BRDA:19,0,1,5
BRDA:25,1,0,1
BRDA:25,1,1,5
BRDA:28,2,0,1
BRDA:28,2,1,0
BRDA:28,3,0,1
BRDA:28,3,1,0
BRDA:36,4,0,1
BRDA:36,4,1,4
BRDA:40,5,0,2
BRDA:40,5,1,2
BRDA:40,6,0,4
BRDA:40,6,1,2
BRDA:41,7,0,1
BRDA:41,7,1,1
BRF:16
BRH:14
end_of_record
TN:
SF:home/david/impargo/impargo-apps/src/components/api/public_route.tsx
FN:8,(anonymous_1)
FN:12,(anonymous_2)
FNF:2
FNH:0
FNDA:0,(anonymous_1)
FNDA:0,(anonymous_2)
DA:2,0
DA:3,0
DA:8,0
DA:13,0
DA:19,0
LF:5
LH:0
BRDA:14,0,0,0
BRDA:14,0,1,0
BRF:2
BRH:0
end_of_record
TN:
SF:home/david/impargo/impargo-apps/src/components/api/responsive_render.tsx
FN:5,(anonymous_1)
FN:6,(anonymous_2)
FNF:2
FNH:2
FNDA:1,(anonymous_1)
FNDA:5,(anonymous_2)
DA:2,1
DA:3,1
DA:5,1
DA:6,1
DA:7,5
DA:8,5
DA:9,0
DA:10,0
DA:13,5
DA:15,1
LF:10
LH:8
BRDA:8,0,0,0
BRDA:8,0,1,5
BRDA:9,1,0,0
BRDA:9,1,1,0
BRF:4
BRH:1
end_of_record
TN:
SF:home/david/impargo/impargo-apps/src/components/api/stripe.ts
FN:7,(anonymous_7)
FN:10,(anonymous_8)
FN:11,(anonymous_9)
FN:11,(anonymous_10)
FNF:4
FNH:4
FNDA:27,(anonymous_7)
FNDA:6,(anonymous_8)
FNDA:6,(anonymous_9)
FNDA:6,(anonymous_10)
DA:1,3
DA:2,3
DA:3,3
DA:4,3
DA:5,3
DA:7,3
DA:8,27
DA:9,27
DA:10,27
DA:11,6
DA:12,6
DA:13,6
DA:14,6
DA:15,6
DA:16,6
DA:18,0
DA:19,0
DA:21,0
DA:22,0
DA:23,0
DA:28,6
DA:30,27
LF:22
LH:17
BRDA:18,0,0,0
BRDA:18,0,1,0
BRF:2
BRH:0
end_of_record
TN:
SF:home/david/impargo/impargo-apps/src/components/api/tracking_context.ts
FNF:0
FNH:0
DA:2,8
DA:23,8
DA:35,8
LF:3
LH:3
BRF:0
BRH:0
end_of_record
TN:
SF:home/david/impargo/impargo-apps/src/components/api/tracking_provider.tsx
FN:24,(anonymous_1)
FN:26,(anonymous_2)
FN:28,(anonymous_3)
FN:35,(anonymous_4)
FN:40,(anonymous_5)
FN:76,(anonymous_6)
FN:83,(anonymous_7)
FN:87,(anonymous_8)
FN:88,(anonymous_9)
FN:93,(anonymous_10)
FN:97,(anonymous_11)
FN:99,(anonymous_12)
FN:99,(anonymous_13)
FN:102,(anonymous_14)
FN:103,(anonymous_15)
FN:104,(anonymous_16)
FN:112,(anonymous_17)
FNF:17
FNH:17
FNDA:4,(anonymous_1)
FNDA:15,(anonymous_2)
FNDA:36,(anonymous_3)
FNDA:60,(anonymous_4)
FNDA:15,(anonymous_5)
FNDA:3,(anonymous_6)
FNDA:7,(anonymous_7)
FNDA:6,(anonymous_8)
FNDA:6,(anonymous_9)
FNDA:9,(anonymous_10)
FNDA:6,(anonymous_11)
FNDA:3,(anonymous_12)
FNDA:6,(anonymous_13)
FNDA:15,(anonymous_14)
FNDA:15,(anonymous_15)
FNDA:36,(anonymous_16)
FNDA:15,(anonymous_17)
DA:1,4
DA:2,4
DA:3,4
DA:4,4
DA:5,4
DA:6,4
DA:7,4
DA:21,4
DA:22,4
DA:24,4
DA:26,4
DA:27,15
DA:28,15
DA:29,36
DA:30,0
DA:31,0
DA:34,36
DA:35,60
DA:37,15
DA:40,4
DA:46,15
DA:47,15
DA:48,15
DA:49,0
DA:51,15
DA:52,15
DA:53,15
DA:57,15
DA:59,15
DA:61,15
DA:64,15
DA:70,15
DA:72,15
DA:75,15
DA:76,15
DA:77,3
DA:78,2
DA:82,15
DA:84,7
DA:85,4
DA:87,3
DA:88,6
DA:93,3
DA:94,9
DA:97,3
DA:98,6
DA:99,6
DA:102,15
DA:103,15
DA:104,15
DA:105,36
DA:106,36
DA:112,15
DA:113,15
DA:129,4
LF:55
LH:52
BRDA:29,0,0,0
BRDA:29,0,1,36
BRDA:29,1,0,36
BRDA:29,1,1,36
BRDA:48,2,0,0
BRDA:48,2,1,15
BRDA:53,3,0,15
BRDA:53,3,1,15
BRDA:59,4,0,15
BRDA:59,4,1,12
BRDA:59,4,2,3
BRDA:70,5,0,15
BRDA:70,5,1,15
BRDA:70,6,0,15
BRDA:70,6,1,0
BRDA:70,7,0,15
BRDA:70,7,1,15
BRDA:70,8,0,15
BRDA:70,8,1,0
BRDA:70,9,0,15
BRDA:70,9,1,15
BRDA:72,10,0,15
BRDA:72,10,1,13
BRDA:72,10,2,2
BRDA:73,11,0,2
BRDA:73,11,1,0
BRDA:73,12,0,2
BRDA:73,12,1,2
BRDA:73,13,0,2
BRDA:73,13,1,0
BRDA:73,14,0,2
BRDA:73,14,1,2
BRDA:77,15,0,2
BRDA:77,15,1,1
BRDA:77,16,0,3
BRDA:77,16,1,3
BRDA:84,17,0,4
BRDA:84,17,1,3
BRDA:84,18,0,7
BRDA:84,18,1,5
BRDA:94,19,0,3
BRDA:94,19,1,6
BRDA:94,20,0,6
BRDA:94,20,1,0
BRDA:98,21,0,6
BRDA:98,21,1,0
BRDA:108,22,0,36
BRDA:108,22,1,36
BRF:48
BRH:40
end_of_record
TN:
SF:home/david/impargo/impargo-apps/src/components/api/useDateLocale.tsx
FN:11,(anonymous_6)
FN:11,(anonymous_7)
FN:12,(anonymous_8)
FN:12,(anonymous_9)
FN:13,(anonymous_10)
FN:13,(anonymous_11)
FN:14,(anonymous_12)
FN:14,(anonymous_13)
FN:15,(anonymous_14)
FN:15,(anonymous_15)
FN:16,(anonymous_16)
FN:16,(anonymous_17)
FN:19,(anonymous_18)
FN:23,(anonymous_19)
FN:28,(anonymous_20)
FN:33,(anonymous_21)
FN:38,(anonymous_22)
FNF:17
FNH:8
FNDA:14,(anonymous_6)
FNDA:14,(anonymous_7)
FNDA:1,(anonymous_8)
FNDA:1,(anonymous_9)
FNDA:0,(anonymous_10)
FNDA:0,(anonymous_11)
FNDA:0,(anonymous_12)
FNDA:0,(anonymous_13)
FNDA:0,(anonymous_14)
FNDA:0,(anonymous_15)
FNDA:0,(anonymous_16)
FNDA:0,(anonymous_17)
FNDA:3,(anonymous_18)
FNDA:134,(anonymous_19)
FNDA:55,(anonymous_20)
FNDA:15,(anonymous_21)
FNDA:0,(anonymous_22)
DA:2,26
DA:3,26
DA:4,26
DA:6,26
DA:10,26
DA:11,28
DA:12,2
DA:13,0
DA:14,0
DA:15,0
DA:16,0
DA:19,26
DA:20,3
DA:23,26
DA:24,134
DA:25,134
DA:26,134
DA:27,134
DA:28,134
DA:29,55
DA:30,39
DA:32,16
DA:33,15
DA:34,15
DA:35,15
DA:36,15
DA:39,0
DA:40,0
DA:44,1
DA:48,134
LF:30
LH:24
BRDA:26,0,0,56
BRDA:26,0,1,78
BRDA:26,1,0,134
BRDA:26,1,1,134
BRDA:27,2,0,56
BRDA:27,2,1,78
BRDA:27,3,0,134
BRDA:27,3,1,134
BRDA:29,4,0,39
BRDA:29,4,1,16
BRDA:32,5,0,15
BRDA:32,5,1,1
BRDA:34,6,0,15
BRDA:34,6,1,0
BRF:14
BRH:13
end_of_record
TN:
SF:home/david/impargo/impargo-apps/src/components/api/useEvents.tsx
FN:7,(anonymous_0)
FN:23,(anonymous_1)
FN:24,(anonymous_2)
FN:26,(anonymous_3)
FN:27,(anonymous_4)
FN:34,(anonymous_5)
FN:36,(anonymous_6)
FNF:7
FNH:7
FNDA:19,(anonymous_0)
FNDA:19,(anonymous_1)
FNDA:30,(anonymous_2)
FNDA:27,(anonymous_3)
FNDA:28,(anonymous_4)
FNDA:8,(anonymous_5)
FNDA:9,(anonymous_6)
DA:1,19
DA:7,19
DA:8,19
DA:9,19
DA:10,19
DA:11,19
DA:12,19
DA:15,19
DA:23,19
DA:24,19
DA:25,30
DA:26,30
DA:27,28
DA:31,19
DA:34,19
DA:35,8
DA:36,9
DA:37,8
DA:39,0
LF:19
LH:18
BRDA:7,0,0,19
BRDA:7,0,1,19
BRDA:35,1,0,8
BRDA:35,1,1,0
BRDA:35,2,0,0
BRDA:35,2,1,8
BRDA:35,3,0,8
BRDA:35,3,1,8
BRF:8
BRH:6
end_of_record
TN:
SF:home/david/impargo/impargo-apps/src/components/api/user_watcher.ts
FN:7,(anonymous_0)
FN:20,(anonymous_1)
FNF:2
FNH:1
FNDA:4,(anonymous_0)
FNDA:0,(anonymous_1)
DA:1,1
DA:2,1
DA:4,1
DA:5,1
DA:7,1
DA:8,4
DA:9,4
DA:10,4
DA:12,2
DA:13,2
DA:14,1
DA:18,2
DA:19,2
DA:20,2
DA:21,0
DA:24,4
DA:27,1
LF:17
LH:16
BRDA:10,0,0,2
BRDA:10,0,1,2
BRDA:10,1,0,4
BRDA:10,1,1,2
BRDA:12,2,0,2
BRDA:12,2,1,0
BRDA:13,3,0,1
BRDA:13,3,1,1
BRF:8
BRH:7
end_of_record
TN:
SF:home/david/impargo/impargo-apps/src/components/api/userflow_context.tsx
FNF:0
FNH:0
DA:1,2
DA:7,2
DA:11,2
LF:3
LH:3
BRF:0
BRH:0
end_of_record
TN:
SF:home/david/impargo/impargo-apps/src/components/api/mapbox/geocoding.ts
FN:29,(anonymous_9)
FN:30,(anonymous_10)
FN:31,(anonymous_11)
FN:32,(anonymous_12)
FN:33,(anonymous_13)
FN:35,(anonymous_14)
FN:35,(anonymous_15)
FN:46,(anonymous_16)
FN:57,(anonymous_17)
FN:57,(anonymous_18)
FN:59,(anonymous_19)
FN:59,(anonymous_20)
FN:72,(anonymous_21)
FN:104,(anonymous_22)
FN:104,(anonymous_23)
FNF:15
FNH:6
FNDA:0,(anonymous_9)
FNDA:0,(anonymous_10)
FNDA:3,(anonymous_11)
FNDA:9,(anonymous_12)
FNDA:9,(anonymous_13)
FNDA:0,(anonymous_14)
FNDA:0,(anonymous_15)
FNDA:0,(anonymous_16)
FNDA:0,(anonymous_17)
FNDA:0,(anonymous_18)
FNDA:3,(anonymous_19)
FNDA:3,(anonymous_20)
FNDA:12,(anonymous_21)
FNDA:0,(anonymous_22)
FNDA:0,(anonymous_23)
DA:5,34
DA:7,34
DA:8,34
DA:9,34
DA:11,34
DA:12,34
DA:13,34
DA:29,34
DA:30,34
DA:31,34
DA:32,9
DA:33,9
DA:35,34
DA:36,0
DA:42,0
DA:43,0
DA:44,0
DA:46,0
DA:57,34
DA:59,34
DA:60,3
DA:61,3
DA:62,3
DA:68,3
DA:69,3
DA:70,3
DA:71,3
DA:72,12
DA:73,3
DA:83,0
DA:92,0
DA:104,34
DA:105,0
DA:106,0
DA:107,0
LF:35
LH:25
BRDA:30,0,0,0
BRDA:30,0,1,0
BRDA:33,1,0,9
BRDA:33,1,1,6
BRDA:43,2,0,0
BRDA:43,2,1,0
BRDA:53,3,0,0
BRDA:53,3,1,0
BRDA:69,4,0,3
BRDA:69,4,1,0
BRDA:69,5,0,3
BRDA:69,5,1,3
BRDA:71,6,0,3
BRDA:71,6,1,0
BRDA:76,7,0,3
BRDA:76,7,1,0
BRDA:106,8,0,0
BRDA:106,8,1,0
BRDA:106,9,0,0
BRDA:106,9,1,0
BRF:20
BRH:7
end_of_record
TN:
SF:home/david/impargo/impargo-apps/src/components/api/routing/index.ts
FN:26,(anonymous_15)
FN:34,(anonymous_16)
FN:42,(anonymous_17)
FN:46,(anonymous_18)
FN:51,(anonymous_19)
FN:55,(anonymous_20)
FN:60,(anonymous_21)
FN:65,(anonymous_22)
FN:92,(anonymous_23)
FN:92,(anonymous_24)
FN:106,(anonymous_25)
FN:106,(anonymous_26)
FNF:12
FNH:10
FNDA:60,(anonymous_15)
FNDA:3,(anonymous_16)
FNDA:3,(anonymous_17)
FNDA:3,(anonymous_18)
FNDA:2,(anonymous_19)
FNDA:4,(anonymous_20)
FNDA:4,(anonymous_21)
FNDA:3,(anonymous_22)
FNDA:0,(anonymous_23)
FNDA:0,(anonymous_24)
FNDA:1,(anonymous_25)
FNDA:1,(anonymous_26)
DA:1,26
DA:2,26
DA:3,26
DA:8,26
DA:13,26
DA:14,26
DA:15,26
DA:17,26
DA:26,60
DA:34,26
DA:35,3
DA:36,0
DA:38,3
DA:42,26
DA:44,3
DA:45,3
DA:46,3
DA:47,3
DA:48,3
DA:51,26
DA:52,2
DA:55,26
DA:58,4
DA:59,4
DA:60,4
DA:61,4
DA:62,1
DA:64,3
DA:65,3
DA:66,3
DA:67,3
DA:73,3
DA:74,3
DA:79,0
DA:88,3
DA:89,3
DA:90,2
DA:91,2
DA:92,1
DA:93,0
DA:94,0
DA:95,0
DA:98,2
DA:99,2
DA:102,1
DA:106,26
DA:107,1
DA:108,1
LF:48
LH:43
BRDA:35,0,0,0
BRDA:35,0,1,3
BRDA:36,1,0,0
BRDA:36,1,1,0
BRDA:38,2,0,3
BRDA:38,2,1,0
BRDA:44,3,0,0
BRDA:52,4,0,2
BRDA:52,4,1,2
BRDA:52,5,0,0
BRDA:52,5,1,2
BRDA:52,6,0,2
BRDA:52,6,1,2
BRDA:52,7,0,0
BRDA:52,7,1,2
BRDA:52,8,0,2
BRDA:52,8,1,2
BRDA:52,9,0,0
BRDA:52,9,1,2
BRDA:52,10,0,2
BRDA:52,10,1,2
BRDA:52,11,0,0
BRDA:52,11,1,2
BRDA:52,12,0,2
BRDA:52,12,1,2
BRDA:52,13,0,0
BRDA:52,13,1,2
BRDA:52,14,0,2
BRDA:52,14,1,2
BRDA:58,15,0,0
BRDA:61,16,0,1
BRDA:61,16,1,3
BRDA:70,17,0,0
BRDA:70,17,1,3
BRDA:88,18,0,3
BRDA:88,18,1,0
BRDA:89,19,0,2
BRDA:89,19,1,1
BRDA:89,20,0,1
BRDA:89,20,1,2
BRDA:89,21,0,3
BRDA:89,21,1,3
BRDA:91,22,0,1
BRDA:91,22,1,1
BRDA:106,23,0,1
BRDA:107,24,0,1
BRDA:107,24,1,0
BRF:47
BRH:33
end_of_record
TN:
SF:home/david/impargo/impargo-apps/src/components/api/routing/types.ts
FN:42,(anonymous_0)
FNF:1
FNH:1
FNDA:28,(anonymous_0)
DA:42,28
DA:43,28
DA:44,28
LF:3
LH:3
BRDA:42,0,0,28
BRDA:42,0,1,28
BRF:2
BRH:2
end_of_record
TN:
SF:home/david/impargo/impargo-apps/src/components/api/routing/here/geocoding.ts
FN:21,(anonymous_14)
FN:46,(anonymous_15)
FN:62,(anonymous_16)
FN:62,(anonymous_17)
FN:90,(anonymous_18)
FN:93,(anonymous_19)
FN:118,(anonymous_20)
FN:124,(anonymous_21)
FN:132,(anonymous_22)
FN:139,(anonymous_23)
FN:145,(anonymous_24)
FN:147,(anonymous_25)
FN:162,(anonymous_26)
FN:162,(anonymous_27)
FN:179,(anonymous_28)
FN:188,(anonymous_29)
FN:188,(anonymous_30)
FN:199,(anonymous_31)
FN:199,(anonymous_32)
FN:222,(anonymous_33)
FN:222,(anonymous_34)
FNF:21
FNH:16
FNDA:1,(anonymous_14)
FNDA:3,(anonymous_15)
FNDA:3,(anonymous_16)
FNDA:3,(anonymous_17)
FNDA:1,(anonymous_18)
FNDA:1,(anonymous_19)
FNDA:1950,(anonymous_20)
FNDA:9,(anonymous_21)
FNDA:8,(anonymous_22)
FNDA:0,(anonymous_23)
FNDA:32,(anonymous_24)
FNDA:256,(anonymous_25)
FNDA:8,(anonymous_26)
FNDA:8,(anonymous_27)
FNDA:31,(anonymous_28)
FNDA:0,(anonymous_29)
FNDA:0,(anonymous_30)
FNDA:2,(anonymous_31)
FNDA:2,(anonymous_32)
FNDA:0,(anonymous_33)
FNDA:0,(anonymous_34)
DA:2,39
DA:3,39
DA:4,39
DA:6,39
DA:21,39
DA:26,1
DA:46,39
DA:51,3
DA:58,39
DA:62,39
DA:64,3
DA:65,3
DA:76,3
DA:77,2
DA:82,1
DA:87,1
DA:90,39
DA:93,1
DA:94,1
DA:95,1
DA:96,0
DA:98,1
DA:108,1
DA:114,39
DA:118,1950
DA:124,39
DA:125,9
DA:126,1
DA:128,8
DA:131,39
DA:132,39
DA:133,8
DA:134,6
DA:136,8
DA:139,39
DA:140,0
DA:143,39
DA:145,39
DA:146,32
DA:147,32
DA:148,256
DA:150,32
DA:162,39
DA:163,8
DA:164,8
DA:175,6
DA:176,6
DA:177,1
DA:179,31
DA:186,2
DA:187,2
DA:188,1
DA:189,0
DA:190,0
DA:191,0
DA:195,2
DA:199,39
DA:200,2
DA:201,2
DA:202,1
DA:212,1
DA:213,1
DA:214,1
DA:215,1
DA:216,1
DA:219,0
DA:221,0
DA:222,0
DA:223,0
DA:224,0
DA:225,0
DA:228,0
LF:72
LH:60
BRDA:62,0,0,1
BRDA:95,1,0,0
BRDA:95,1,1,1
BRDA:125,2,0,1
BRDA:125,2,1,8
BRDA:133,3,0,6
BRDA:133,3,1,2
BRDA:145,4,0,32
BRDA:148,5,0,171
BRDA:148,5,1,85
BRDA:148,6,0,256
BRDA:148,6,1,256
BRDA:176,7,0,1
BRDA:176,7,1,5
BRDA:186,8,0,2
BRDA:186,8,1,0
BRDA:187,9,0,1
BRDA:187,9,1,1
BRDA:187,10,0,0
BRDA:187,10,1,2
BRDA:187,11,0,2
BRDA:187,11,1,2
BRDA:201,12,0,1
BRDA:201,12,1,1
BRDA:207,13,0,0
BRDA:207,13,1,1
BRDA:213,14,0,1
BRDA:213,14,1,0
BRDA:213,15,0,1
BRDA:213,15,1,1
BRDA:215,16,0,1
BRDA:215,16,1,0
BRDA:215,17,0,1
BRDA:215,17,1,1
BRDA:221,18,0,0
BRDA:221,18,1,0
BRDA:221,19,0,0
BRDA:221,19,1,0
BRDA:221,20,0,0
BRDA:221,20,1,0
BRF:40
BRH:28
end_of_record
TN:
SF:home/david/impargo/impargo-apps/src/components/api/routing/here/routing.js
FN:26,(anonymous_15)
FN:39,(anonymous_16)
FN:49,(anonymous_17)
FN:52,(anonymous_18)
FN:68,(anonymous_19)
FN:71,(anonymous_20)
FN:95,(anonymous_21)
FN:97,(anonymous_22)
FN:98,(anonymous_23)
FN:114,(anonymous_24)
FN:136,(anonymous_25)
FN:138,(anonymous_26)
FN:139,(anonymous_27)
FN:141,(anonymous_28)
FN:149,(anonymous_29)
FN:156,(anonymous_30)
FN:156,(anonymous_31)
FN:172,(anonymous_32)
FN:172,(anonymous_33)
FN:178,(anonymous_34)
FN:184,(anonymous_35)
FN:184,(anonymous_36)
FN:196,(anonymous_37)
FN:196,(anonymous_38)
FN:201,(anonymous_39)
FN:201,(anonymous_40)
FN:210,(anonymous_41)
FN:211,(anonymous_42)
FN:214,(anonymous_43)
FN:221,(anonymous_44)
FN:241,(anonymous_45)
FN:257,(anonymous_46)
FN:288,(anonymous_47)
FN:298,(anonymous_48)
FN:310,(anonymous_49)
FN:362,(anonymous_50)
FN:364,(anonymous_51)
FN:365,(anonymous_52)
FN:366,(anonymous_53)
FN:367,(anonymous_54)
FN:373,(anonymous_55)
FN:376,(anonymous_56)
FN:383,(anonymous_57)
FN:390,(anonymous_58)
FN:398,(anonymous_59)
FN:399,(anonymous_60)
FN:410,(anonymous_61)
FN:429,(anonymous_62)
FN:429,(anonymous_63)
FN:451,(anonymous_64)
FN:465,(anonymous_65)
FN:465,(anonymous_66)
FN:493,(anonymous_67)
FN:503,(anonymous_68)
FN:510,(anonymous_69)
FN:512,(anonymous_70)
FN:547,(anonymous_71)
FN:562,(anonymous_72)
FN:562,(anonymous_73)
FN:563,(anonymous_74)
FN:571,(anonymous_75)
FN:571,(anonymous_76)
FN:572,(anonymous_77)
FN:602,(anonymous_78)
FN:602,(anonymous_79)
FNF:65
FNH:50
FNDA:0,(anonymous_15)
FNDA:7,(anonymous_16)
FNDA:4,(anonymous_17)
FNDA:7,(anonymous_18)
FNDA:0,(anonymous_19)
FNDA:0,(anonymous_20)
FNDA:3,(anonymous_21)
FNDA:3,(anonymous_22)
FNDA:4,(anonymous_23)
FNDA:0,(anonymous_24)
FNDA:3,(anonymous_25)
FNDA:3,(anonymous_26)
FNDA:6,(anonymous_27)
FNDA:1,(anonymous_28)
FNDA:10,(anonymous_29)
FNDA:2,(anonymous_30)
FNDA:2,(anonymous_31)
FNDA:1,(anonymous_32)
FNDA:1,(anonymous_33)
FNDA:1,(anonymous_34)
FNDA:0,(anonymous_35)
FNDA:0,(anonymous_36)
FNDA:1,(anonymous_37)
FNDA:1,(anonymous_38)
FNDA:0,(anonymous_39)
FNDA:0,(anonymous_40)
FNDA:10,(anonymous_41)
FNDA:0,(anonymous_42)
FNDA:5,(anonymous_43)
FNDA:5,(anonymous_44)
FNDA:0,(anonymous_45)
FNDA:5,(anonymous_46)
[...]
FN:20,(anonymous_6)
FNF:6
FNH:6
FNDA:40,(anonymous_1)
FNDA:16,(anonymous_2)
FNDA:4,(anonymous_3)
FNDA:5,(anonymous_4)
FNDA:6,(anonymous_5)
FNDA:6,(anonymous_6)
DA:1,8
DA:2,8
DA:3,8
DA:4,8
DA:5,8
DA:6,8
DA:8,8
DA:9,8
DA:14,8
DA:15,40
DA:16,16
DA:17,16
DA:18,16
DA:19,16
DA:21,6
DA:24,16
DA:32,40
DA:53,40
DA:59,40
LF:19
LH:19
BRDA:16,0,0,4
BRDA:16,0,1,12
BRDA:16,1,0,16
BRDA:16,1,1,16
BRDA:16,2,0,12
BRDA:16,2,1,4
BRDA:16,3,0,16
BRDA:16,3,1,16
BRDA:17,4,0,4
BRDA:17,4,1,12
BRDA:17,5,0,16
BRDA:17,5,1,16
BRDA:17,6,0,12
BRDA:17,6,1,4
BRDA:17,7,0,16
BRDA:17,7,1,16
BRDA:18,8,0,4
BRDA:18,8,1,12
BRDA:18,9,0,16
BRDA:18,9,1,16
BRDA:18,10,0,12
BRDA:18,10,1,4
BRDA:18,11,0,16
BRDA:18,11,1,16
BRDA:19,12,0,12
BRDA:19,12,1,4
BRDA:19,13,0,16
BRDA:19,13,1,16
BRDA:33,14,0,40
BRDA:33,14,1,4
BRDA:39,15,0,40
BRDA:39,15,1,2
BRDA:45,16,0,40
BRDA:45,16,1,0
BRDA:54,17,0,40
BRDA:54,17,1,4
BRDA:55,18,0,40
BRDA:55,18,1,2
BRDA:56,19,0,40
BRDA:56,19,1,0
BRDA:59,20,0,4
BRDA:59,20,1,36
BRF:42
BRH:40
end_of_record
TN:
SF:home/david/impargo/impargo-apps/src/views/Planner/Components/RoutePlanner/helpers.ts
FN:2,(anonymous_0)
FN:6,(anonymous_1)
FN:7,(anonymous_2)
FN:10,(anonymous_3)
FN:30,(anonymous_4)
FNF:5
FNH:5
FNDA:72,(anonymous_0)
FNDA:4,(anonymous_1)
FNDA:12,(anonymous_2)
FNDA:31,(anonymous_3)
FNDA:5,(anonymous_4)
DA:2,11
DA:3,72
DA:6,11
DA:7,12
DA:10,11
DA:23,31
DA:24,3
DA:26,31
DA:27,2
DA:28,1
DA:30,5
LF:11
LH:11
BRDA:3,0,0,72
BRDA:3,0,1,46
BRDA:15,1,0,31
BRDA:23,2,0,3
BRDA:23,2,1,28
BRDA:23,3,0,31
BRDA:23,3,1,29
BRDA:26,4,0,2
BRDA:26,4,1,29
BRDA:27,5,0,1
BRDA:27,5,1,1
BRDA:27,6,0,2
BRDA:27,6,1,2
BRDA:30,7,0,5
BRDA:30,7,1,0
BRDA:30,8,0,5
BRDA:30,8,1,2
BRF:17
BRH:16
end_of_record
TN:
SF:home/david/impargo/impargo-apps/src/views/Planner/Components/RoutePlanner/index.tsx
FN:51,(anonymous_1)
FN:78,(anonymous_2)
FN:82,(anonymous_3)
FN:87,(anonymous_4)
FN:89,(anonymous_5)
FN:95,(anonymous_6)
FN:97,(anonymous_7)
FN:99,(anonymous_8)
FN:151,(anonymous_9)
FNF:9
FNH:5
FNDA:36,(anonymous_1)
FNDA:1,(anonymous_2)
FNDA:1,(anonymous_3)
FNDA:0,(anonymous_4)
FNDA:0,(anonymous_5)
FNDA:15,(anonymous_6)
FNDA:16,(anonymous_7)
FNDA:0,(anonymous_8)
FNDA:0,(anonymous_9)
DA:1,7
DA:2,7
DA:4,7
DA:5,7
DA:6,7
DA:7,7
DA:8,7
DA:11,7
DA:12,7
DA:13,7
DA:15,7
DA:17,7
DA:18,7
DA:19,7
DA:20,7
DA:21,7
DA:51,7
DA:76,36
DA:77,36
DA:78,36
DA:79,1
DA:80,1
DA:82,36
DA:83,1
DA:84,1
DA:87,36
DA:88,36
DA:89,0
DA:92,36
DA:93,36
DA:95,36
DA:97,36
DA:98,16
DA:99,0
DA:100,0
DA:101,0
DA:102,0
DA:108,36
DA:152,0
DA:190,7
LF:40
LH:34
BRDA:56,0,0,5
BRDA:57,1,0,20
BRDA:62,2,0,20
BRDA:71,3,0,20
BRDA:72,4,0,20
BRDA:74,5,0,20
BRDA:95,6,0,3
BRDA:95,6,1,12
BRDA:95,7,0,15
BRDA:95,7,1,15
BRDA:95,8,0,12
BRDA:95,8,1,3
BRDA:95,9,0,15
BRDA:95,9,1,15
BRDA:95,10,0,12
BRDA:95,10,1,3
BRDA:95,11,0,15
BRDA:95,11,1,15
BRDA:98,12,0,0
BRDA:98,12,1,16
BRDA:98,13,0,16
BRDA:98,13,1,0
BRDA:101,14,0,0
BRDA:101,14,1,0
BRDA:101,15,0,0
BRDA:101,15,1,0
BRDA:101,16,0,0
BRDA:101,16,1,0
BRDA:102,17,0,0
BRDA:102,17,1,0
BRDA:102,18,0,0
BRDA:102,18,1,0
BRDA:127,19,0,36
BRDA:127,19,1,0
BRDA:127,20,0,36
BRDA:127,20,1,0
BRDA:127,21,0,36
BRDA:127,21,1,36
BRDA:127,22,0,36
BRDA:127,22,1,0
BRDA:127,23,0,36
BRDA:127,23,1,36
BRDA:147,24,0,36
BRDA:147,24,1,29
BRDA:147,25,0,29
BRDA:147,25,1,7
BRDA:147,26,0,36
BRDA:147,26,1,36
BRDA:147,27,0,29
BRDA:147,27,1,7
BRDA:147,28,0,36
BRDA:147,28,1,36
BRDA:149,29,0,36
BRDA:149,29,1,36
BRDA:164,30,0,36
BRDA:164,30,1,2
BRF:56
BRH:41
end_of_record
TN:
SF:home/david/impargo/impargo-apps/src/views/Planner/Components/Settings/AverageSpeedInput.tsx
FN:20,(anonymous_1)
FN:31,(anonymous_2)
FN:67,(anonymous_3)
FN:87,(anonymous_4)
FNF:4
FNH:4
FNDA:12,(anonymous_1)
FNDA:8,(anonymous_2)
FNDA:3,(anonymous_3)
FNDA:8,(anonymous_4)
DA:1,3
DA:2,3
DA:3,3
DA:4,3
DA:5,3
DA:6,3
DA:7,3
DA:9,3
DA:20,3
DA:28,12
DA:29,12
DA:30,12
DA:31,12
DA:32,8
DA:33,1
DA:34,1
DA:36,8
DA:38,12
DA:39,12
DA:68,3
DA:69,3
DA:70,0
DA:72,3
DA:74,3
DA:87,8
LF:25
LH:24
BRDA:32,0,0,1
BRDA:32,0,1,7
BRDA:38,1,0,10
BRDA:38,1,1,2
BRDA:38,2,0,12
BRDA:38,2,1,12
BRDA:46,3,0,0
BRDA:46,3,1,12
BRDA:55,4,0,12
BRDA:55,4,1,12
BRDA:65,5,0,12
BRDA:65,5,1,0
BRDA:65,6,0,6
BRDA:65,6,1,6
BRDA:69,7,0,0
BRDA:69,7,1,3
BRDA:72,8,0,2
BRDA:72,8,1,1
BRDA:80,9,0,6
BRDA:80,9,1,6
BRDA:80,10,0,12
BRDA:80,10,1,6
BRDA:120,11,0,8
BRDA:120,11,1,0
BRF:24
BRH:20
end_of_record
TN:
SF:home/david/impargo/impargo-apps/src/views/Planner/Components/Settings/HereExtraSettings.tsx
FN:15,(anonymous_1)
FN:66,(anonymous_2)
FNF:2
FNH:2
FNDA:6,(anonymous_1)
FNDA:6,(anonymous_2)
DA:2,3
DA:3,3
DA:4,3
DA:5,3
DA:6,3
DA:7,3
DA:8,3
DA:15,6
DA:66,3
DA:73,6
DA:74,6
DA:75,6
DA:76,6
DA:152,3
LF:14
LH:14
BRDA:74,0,0,6
BRDA:74,0,1,6
BRDA:78,1,0,6
BRDA:78,1,1,2
BRDA:78,1,2,2
BRDA:96,2,0,6
BRDA:96,2,1,0
BRDA:99,3,0,0
BRDA:99,3,1,0
BRDA:112,4,0,0
BRDA:112,4,1,6
BRDA:115,5,0,0
BRDA:115,5,1,0
BRDA:132,6,0,0
BRDA:132,6,1,6
BRDA:135,7,0,0
BRDA:135,7,1,0
BRF:17
BRH:8
end_of_record
TN:
SF:home/david/impargo/impargo-apps/src/views/Planner/Components/Settings/RoutingModeInput.tsx
FN:13,(anonymous_1)
FN:30,(anonymous_2)
FN:46,(anonymous_3)
FN:57,(anonymous_4)
FN:59,(anonymous_5)
FNF:5
FNH:5
FNDA:27,(anonymous_1)
FNDA:4,(anonymous_2)
FNDA:27,(anonymous_3)
FNDA:59,(anonymous_4)
FNDA:43,(anonymous_5)
DA:2,3
DA:3,3
DA:4,3
DA:5,3
DA:13,27
DA:30,3
DA:31,4
DA:46,3
DA:51,27
DA:52,27
DA:57,59
DA:59,43
DA:65,3
LF:13
LH:13
BRDA:51,0,0,27
BRDA:51,0,1,26
BRDA:57,1,0,59
BRDA:57,1,1,32
BRDA:59,2,0,4
BRDA:59,2,1,39
BRDA:59,3,0,43
BRDA:59,3,1,12
BRF:8
BRH:8
end_of_record
TN:
SF:home/david/impargo/impargo-apps/src/views/Planner/Components/Settings/WaitingTimeInput.tsx
FN:19,(anonymous_2)
FN:30,(anonymous_3)
FN:47,(anonymous_4)
FN:63,(anonymous_5)
FN:67,(anonymous_6)
FNF:5
FNH:4
FNDA:50,(anonymous_2)
FNDA:0,(anonymous_3)
FNDA:50,(anonymous_4)
FNDA:28,(anonymous_5)
FNDA:28,(anonymous_6)
DA:1,9
DA:2,9
DA:3,9
DA:4,9
DA:5,9
DA:6,9
DA:7,9
DA:19,9
DA:22,50
DA:23,50
DA:25,50
DA:26,50
DA:27,50
DA:29,50
DA:31,0
DA:36,50
DA:47,50
DA:61,9
DA:63,28
DA:67,28
LF:20
LH:19
BRDA:63,0,0,0
BRDA:63,0,1,28
BRDA:67,1,0,0
BRDA:67,1,1,28
BRF:4
BRH:2
end_of_record
TN:
SF:home/david/impargo/impargo-apps/src/views/Planner/Components/Settings/index.tsx
FN:42,(anonymous_1)
FN:59,(anonymous_2)
FN:72,(anonymous_3)
FN:176,(anonymous_4)
FN:190,(anonymous_5)
FN:192,(anonymous_6)
FNF:6
FNH:6
FNDA:25,(anonymous_1)
FNDA:1,(anonymous_2)
FNDA:1,(anonymous_3)
FNDA:2,(anonymous_4)
FNDA:19,(anonymous_5)
FNDA:19,(anonymous_6)
DA:1,2
DA:2,2
DA:3,2
DA:4,2
DA:5,2
DA:6,2
DA:7,2
DA:8,2
DA:10,2
DA:11,2
DA:12,2
DA:13,2
DA:14,2
DA:15,2
DA:16,2
DA:17,2
DA:19,2
DA:20,2
DA:21,2
DA:22,2
DA:24,2
DA:25,2
DA:26,2
DA:27,2
DA:28,2
DA:30,2
DA:42,2
DA:43,25
DA:44,25
DA:46,25
DA:47,25
DA:49,25
DA:50,25
DA:51,25
DA:53,25
DA:55,25
DA:59,25
DA:60,1
DA:61,1
DA:62,1
DA:63,1
DA:67,25
DA:68,25
DA:72,1
DA:176,2
DA:189,2
DA:190,19
DA:192,19
LF:48
LH:48
BRDA:55,0,0,25
BRDA:55,0,1,25
BRDA:55,0,2,13
BRDA:55,0,3,13
BRDA:60,1,0,1
BRDA:60,1,1,0
BRDA:67,2,0,0
BRDA:67,2,1,25
BRDA:67,3,0,25
BRDA:67,3,1,25
BRDA:75,4,0,24
BRDA:75,4,1,1
BRDA:177,5,0,2
BRDA:177,5,1,23
BRF:14
BRH:12
end_of_record
TN:
SF:home/david/impargo/impargo-apps/src/views/Planner/Components/TollsModal/TollsByCountry.tsx
FN:26,(anonymous_1)
FN:27,(anonymous_2)
FN:28,(anonymous_3)
FN:29,(anonymous_4)
FN:38,(anonymous_5)
FN:48,(anonymous_6)
FNF:6
FNH:6
FNDA:6,(anonymous_1)
FNDA:6,(anonymous_2)
FNDA:6,(anonymous_3)
FNDA:6,(anonymous_4)
FNDA:3,(anonymous_5)
FNDA:3,(anonymous_6)
DA:3,12
DA:4,12
DA:5,12
DA:6,12
DA:9,12
DA:25,12
DA:26,6
DA:27,6
DA:28,6
DA:29,6
DA:38,12
DA:43,3
DA:46,3
DA:48,3
LF:14
LH:14
BRDA:44,0,0,3
BRDA:44,0,1,0
BRDA:44,1,0,3
BRDA:44,1,1,0
BRF:4
BRH:2
end_of_record
TN:
SF:home/david/impargo/impargo-apps/src/views/Planner/Components/TollsModal/TollsByTollSystem.tsx
FN:23,(anonymous_1)
FN:24,(anonymous_2)
FN:31,(anonymous_3)
FN:36,(anonymous_4)
FNF:4
FNH:0
FNDA:0,(anonymous_1)
FNDA:0,(anonymous_2)
FNDA:0,(anonymous_3)
FNDA:0,(anonymous_4)
DA:3,12
DA:4,12
DA:5,12
DA:12,12
DA:22,12
DA:23,0
DA:24,0
DA:31,12
DA:34,0
DA:36,0
LF:10
LH:6
BRDA:24,0,0,0
BRDA:24,0,1,0
BRDA:24,1,0,0
BRDA:24,1,1,0
BRF:4
BRH:0
end_of_record
TN:
SF:home/david/impargo/impargo-apps/src/views/Planner/Components/TollsModal/TollsModal.tsx
FN:23,(anonymous_1)
FN:35,(anonymous_2)
FNF:2
FNH:2
FNDA:6,(anonymous_1)
FNDA:6,(anonymous_2)
DA:3,12
DA:4,12
DA:5,12
DA:6,12
DA:7,12
DA:8,12
DA:9,12
DA:10,12
DA:11,12
DA:12,12
DA:13,12
DA:14,12
DA:23,12
DA:30,6
DA:35,6
LF:15
LH:15
BRDA:44,0,0,5
BRDA:44,0,1,1
BRDA:48,1,0,6
BRDA:48,1,1,3
BRDA:48,2,0,3
BRDA:48,2,1,3
BRDA:48,3,0,6
BRDA:48,3,1,6
BRDA:48,4,0,3
BRDA:48,4,1,0
BRDA:48,5,0,3
BRDA:48,5,1,3
BRDA:51,6,0,3
BRDA:51,6,1,3
BRDA:51,7,0,6
BRDA:51,7,1,6
BRDA:56,8,0,3
BRDA:56,8,1,3
BRDA:56,9,0,6
BRDA:56,9,1,6
BRDA:62,10,0,3
BRDA:62,10,1,3
BRDA:62,11,0,6
BRDA:62,11,1,6
BRDA:67,12,0,3
BRDA:67,12,1,3
BRDA:67,13,0,6
BRDA:67,13,1,6
BRDA:74,14,0,6
BRDA:74,14,1,3
BRDA:74,15,0,3
BRDA:74,15,1,3
BRDA:74,16,0,6
BRDA:74,16,1,6
BRDA:74,17,0,3
BRDA:74,17,1,0
BRDA:74,18,0,3
BRDA:74,18,1,3
BRF:38
BRH:36
end_of_record
TN:
SF:home/david/impargo/impargo-apps/src/views/Planner/Components/TollsModal/index.tsx
FN:4,(anonymous_0)
FN:6,(anonymous_1)
FNF:2
FNH:2
FNDA:45,(anonymous_0)
FNDA:1,(anonymous_1)
DA:1,12
DA:2,12
DA:4,12
DA:5,45
DA:6,45
DA:7,1
DA:8,0
DA:10,1
DA:20,45
LF:9
LH:8
BRDA:5,0,0,35
BRDA:5,0,1,10
BRDA:5,1,0,45
BRDA:5,1,1,45
BRDA:7,2,0,0
BRDA:7,2,1,1
BRF:6
BRH:5
end_of_record
TN:
SF:home/david/impargo/impargo-apps/src/views/Planner/Layout/DesktopPlanner.tsx
FN:8,(anonymous_1)
FNF:1
FNH:1
FNDA:13,(anonymous_1)
DA:3,2
DA:5,2
DA:6,2
DA:8,2
DA:17,13
DA:31,2
LF:6
LH:6
BRF:0
BRH:0
end_of_record
TN:
SF:home/david/impargo/impargo-apps/src/views/Planner/Layout/MobilePlanner.tsx
FN:21,(anonymous_1)
FN:37,(anonymous_2)
FN:40,(anonymous_3)
FN:72,(anonymous_4)
FN:87,(anonymous_5)
FN:100,(anonymous_6)
FN:105,(anonymous_7)
FN:123,(anonymous_8)
FN:132,(anonymous_9)
FN:138,(anonymous_10)
FN:139,(anonymous_11)
FN:143,(anonymous_12)
FN:163,(anonymous_13)
FN:164,(anonymous_14)
FN:165,(anonymous_15)
FN:189,(anonymous_16)
FN:200,(anonymous_17)
FN:205,(anonymous_18)
FN:213,(anonymous_19)
FNF:19
FNH:18
FNDA:14,(anonymous_1)
FNDA:10,(anonymous_2)
FNDA:3,(anonymous_3)
FNDA:1,(anonymous_4)
FNDA:2,(anonymous_5)
FNDA:1,(anonymous_6)
FNDA:0,(anonymous_7)
FNDA:7,(anonymous_8)
FNDA:7,(anonymous_9)
FNDA:7,(anonymous_10)
FNDA:7,(anonymous_11)
FNDA:7,(anonymous_12)
FNDA:7,(anonymous_13)
FNDA:7,(anonymous_14)
FNDA:7,(anonymous_15)
FNDA:7,(anonymous_16)
FNDA:7,(anonymous_17)
FNDA:7,(anonymous_18)
FNDA:7,(anonymous_19)
DA:2,1
DA:3,1
DA:5,1
DA:6,1
DA:7,1
DA:8,1
DA:9,1
DA:10,1
DA:11,1
DA:12,1
DA:13,1
DA:14,1
DA:15,1
DA:17,1
DA:18,1
DA:19,1
DA:21,1
DA:32,14
DA:33,14
DA:34,14
DA:35,14
DA:37,14
DA:38,10
DA:41,3
DA:42,3
DA:51,14
DA:72,1
DA:87,2
DA:100,1
DA:105,0
DA:115,1
DA:123,7
DA:132,7
DA:138,7
DA:139,7
DA:143,7
DA:163,7
DA:164,7
DA:165,7
DA:189,7
DA:200,7
DA:205,7
DA:213,7
LF:43
LH:42
BRDA:44,0,0,7
BRDA:44,0,1,3
BRDA:45,1,0,9
BRDA:45,1,1,1
BRDA:47,2,0,7
BRDA:47,2,1,3
BRDA:47,3,0,6
BRDA:47,3,1,1
BRDA:75,4,0,1
BRDA:75,4,1,13
BRF:10
BRH:10
end_of_record
TN:
SF:home/david/impargo/impargo-apps/src/views/Planner/Layout/index.tsx
FN:6,(anonymous_7)
FN:6,(anonymous_8)
FN:7,(anonymous_9)
FN:7,(anonymous_10)
FN:9,(anonymous_11)
FNF:5
FNH:5
FNDA:2,(anonymous_7)
FNDA:2,(anonymous_8)
FNDA:1,(anonymous_9)
FNDA:1,(anonymous_10)
FNDA:15,(anonymous_11)
DA:1,2
DA:2,2
DA:3,2
DA:6,4
DA:7,2
DA:9,2
DA:10,15
DA:11,15
DA:20,2
LF:9
LH:9
BRDA:14,0,0,14
BRDA:14,0,1,1
BRF:2
BRH:2
end_of_record
TN:
SF:home/david/impargo/impargo-apps/src/views/ProfileSettings/CountryMatrix.tsx
FN:17,(anonymous_1)
FN:53,(anonymous_2)
FN:59,(anonymous_3)
FN:59,(anonymous_4)
FN:71,(anonymous_5)
FN:71,(anonymous_6)
FN:87,(anonymous_7)
FNF:7
FNH:4
FNDA:4,(anonymous_1)
FNDA:116,(anonymous_2)
FNDA:20,(anonymous_3)
FNDA:16,(anonymous_4)
FNDA:0,(anonymous_5)
FNDA:0,(anonymous_6)
FNDA:0,(anonymous_7)
DA:1,1
DA:2,1
DA:3,1
DA:4,1
DA:5,1
DA:6,1
DA:7,1
DA:8,1
DA:9,1
DA:10,1
DA:11,1
DA:12,1
DA:13,1
DA:15,1
DA:17,1
DA:18,4
DA:19,4
DA:20,4
DA:21,4
DA:23,4
DA:53,116
DA:59,20
DA:60,16
DA:71,0
DA:72,0
DA:88,0
DA:102,1
LF:27
LH:24
BRDA:67,0,0,4
BRDA:67,0,1,0
BRDA:92,1,0,0
BRDA:92,1,1,4
BRDA:97,2,0,0
BRDA:97,2,1,4
BRF:6
BRH:3
end_of_record
TN:
SF:home/david/impargo/impargo-apps/src/views/ProfileSettings/CountryMatrixExample.tsx
FN:10,(anonymous_7)
FN:42,(anonymous_8)
FN:53,(anonymous_9)
FN:57,(anonymous_10)
FNF:4
FNH:2
FNDA:4,(anonymous_7)
FNDA:0,(anonymous_8)
FNDA:4,(anonymous_9)
FNDA:0,(anonymous_10)
DA:1,1
DA:2,1
DA:3,1
DA:4,1
DA:5,1
DA:6,1
DA:7,1
DA:8,1
DA:10,1
DA:11,4
DA:12,4
DA:13,4
DA:14,4
DA:15,4
DA:43,0
DA:53,4
DA:57,0
DA:79,1
LF:18
LH:16
BRDA:53,0,0,0
BRDA:53,0,1,4
BRF:2
BRH:1
end_of_record
TN:
SF:home/david/impargo/impargo-apps/src/views/ProfileSettings/CountryMatrixSlider.tsx
FN:5,(anonymous_1)
FN:11,(anonymous_2)
FN:13,(anonymous_3)
FN:21,(anonymous_4)
FNF:4
FNH:4
FNDA:16,(anonymous_1)
FNDA:9,(anonymous_2)
FNDA:10,(anonymous_3)
FNDA:1,(anonymous_4)
DA:2,1
DA:3,1
DA:5,1
DA:9,16
DA:11,9
DA:13,10
DA:22,1
DA:23,1
DA:29,1
LF:9
LH:9
BRDA:13,0,0,3
BRDA:13,0,1,7
BRF:2
BRH:2
end_of_record
TN:
SF:home/david/impargo/impargo-apps/src/views/Profiles/CustomersTable.tsx
FN:8,(anonymous_7)
FN:12,(anonymous_8)
FN:15,(anonymous_9)
FNF:3
FNH:3
FNDA:1,(anonymous_7)
FNDA:1,(anonymous_8)
FNDA:1,(anonymous_9)
DA:2,2
DA:3,2
DA:5,2
DA:6,2
DA:8,2
DA:10,2
DA:12,1
DA:15,2
DA:18,1
DA:19,1
DA:44,2
LF:11
LH:11
BRF:0
BRH:0
end_of_record
TN:
SF:home/david/impargo/impargo-apps/src/views/Profiles/DriversTable.tsx
FN:7,(anonymous_7)
FN:10,(anonymous_8)
FN:11,(anonymous_9)
FN:12,(anonymous_10)
FN:15,(anonymous_11)
FNF:5
FNH:5
FNDA:4,(anonymous_7)
FNDA:2,(anonymous_8)
FNDA:2,(anonymous_9)
FNDA:2,(anonymous_10)
FNDA:1,(anonymous_11)
DA:2,2
DA:3,2
DA:5,2
DA:7,4
DA:9,2
DA:10,2
DA:11,2
DA:12,2
DA:15,2
DA:18,1
DA:19,1
DA:40,2
LF:12
LH:12
BRF:0
BRH:0
end_of_record
TN:
SF:home/david/impargo/impargo-apps/src/views/Profiles/SubcontractorsTable.tsx
FN:8,(anonymous_7)
FN:8,(anonymous_8)
FN:17,(anonymous_9)
FN:19,(anonymous_10)
FN:22,(anonymous_11)
FNF:5
FNH:5
FNDA:1,(anonymous_7)
FNDA:3,(anonymous_8)
FNDA:1,(anonymous_9)
FNDA:3,(anonymous_10)
FNDA:1,(anonymous_11)
DA:2,2
DA:3,2
DA:5,2
DA:8,2
DA:9,3
DA:10,1
DA:11,1
DA:12,1
DA:13,0
DA:17,2
DA:19,3
DA:22,2
DA:25,1
DA:26,1
DA:45,2
LF:15
LH:14
BRDA:10,0,0,1
BRDA:10,0,1,1
BRDA:10,0,2,1
BRDA:10,0,3,0
BRF:4
BRH:3
end_of_record
TN:
SF:home/david/impargo/impargo-apps/src/views/Profiles/TrailersTable.tsx
FN:10,(anonymous_7)
FN:10,(anonymous_8)
FN:13,(anonymous_9)
FN:17,(anonymous_10)
FN:20,(anonymous_11)
FNF:5
FNH:5
FNDA:1,(anonymous_7)
FNDA:6,(anonymous_8)
FNDA:1,(anonymous_9)
FNDA:6,(anonymous_10)
FNDA:1,(anonymous_11)
DA:2,2
DA:3,2
DA:5,2
DA:7,2
DA:10,2
DA:11,6
DA:13,2
DA:17,6
DA:20,2
DA:23,1
DA:24,1
DA:47,2
LF:12
LH:12
BRDA:11,0,0,5
BRDA:11,0,1,1
BRF:2
BRH:2
end_of_record
TN:
SF:home/david/impargo/impargo-apps/src/views/Profiles/VehiclesTable.tsx
FN:8,(anonymous_7)
FN:14,(anonymous_8)
FN:17,(anonymous_9)
FNF:3
FNH:3
FNDA:25,(anonymous_7)
FNDA:25,(anonymous_8)
FNDA:7,(anonymous_9)
DA:2,2
DA:3,2
DA:4,2
DA:5,2
DA:8,25
DA:10,2
DA:14,25
DA:17,2
DA:20,7
DA:21,7
DA:44,2
LF:11
LH:11
BRF:0
BRH:0
end_of_record
TN:
SF:home/david/impargo/impargo-apps/src/views/Profiles/index.tsx
FN:26,(anonymous_1)
FN:42,(anonymous_2)
FN:49,(anonymous_3)
FN:54,(anonymous_4)
FN:105,(anonymous_5)
FNF:5
FNH:4
FNDA:5,(anonymous_1)
FNDA:5,(anonymous_2)
FNDA:5,(anonymous_3)
FNDA:0,(anonymous_4)
FNDA:5,(anonymous_5)
DA:2,1
DA:3,1
DA:4,1
DA:5,1
DA:6,1
DA:7,1
DA:8,1
DA:9,1
DA:10,1
DA:11,1
DA:12,1
DA:13,1
DA:14,1
DA:15,1
DA:17,1
DA:18,1
DA:20,1
DA:26,5
DA:34,1
DA:42,1
DA:46,5
DA:47,5
DA:48,5
DA:49,5
DA:50,5
DA:52,5
DA:53,5
DA:54,5
DA:55,0
DA:59,5
DA:60,0
DA:62,5
DA:91,1
DA:105,5
LF:34
LH:32
BRDA:48,0,0,5
BRDA:48,0,1,5
BRDA:48,1,0,5
BRDA:48,1,1,0
BRDA:48,2,0,5
BRDA:48,2,1,5
BRDA:59,3,0,0
BRDA:59,3,1,5
BRF:8
BRH:6
end_of_record
TN:
SF:home/david/impargo/impargo-apps/src/views/ResetPassword/index.tsx
FN:11,(anonymous_1)
FN:17,(anonymous_2)
FNF:2
FNH:1
FNDA:1,(anonymous_1)
FNDA:0,(anonymous_2)
DA:2,1
DA:3,1
DA:4,1
DA:5,1
DA:6,1
DA:7,1
DA:8,1
DA:9,1
DA:11,1
DA:12,1
DA:13,1
DA:17,0
DA:26,1
LF:13
LH:12
BRDA:18,0,0,1
BRDA:18,0,1,0
BRF:2
BRH:1
end_of_record
TN:
SF:home/david/impargo/impargo-apps/src/views/UserActionLogout/index.tsx
FN:5,(anonymous_1)
FN:7,(anonymous_2)
FNF:2
FNH:2
FNDA:1,(anonymous_1)
FNDA:1,(anonymous_2)
DA:1,1
DA:2,1
DA:3,1
DA:5,1
DA:6,1
DA:8,1
DA:12,1
DA:15,1
LF:8
LH:8
BRF:0
BRH:0
end_of_record
TN:
SF:home/david/impargo/impargo-apps/src/views/UserActionLogout/logout.ts
FN:6,(anonymous_14)
FN:6,(anonymous_15)
FN:19,(anonymous_16)
FN:21,(anonymous_17)
FNF:4
FNH:3
FNDA:2,(anonymous_14)
FNDA:2,(anonymous_15)
FNDA:2,(anonymous_16)
FNDA:0,(anonymous_17)
DA:1,3
DA:2,3
DA:3,3
DA:4,3
DA:6,3
DA:7,2
DA:8,0
DA:10,2
DA:11,2
DA:12,2
DA:13,0
DA:15,2
DA:16,2
DA:17,2
DA:19,4
DA:20,2
DA:21,2
DA:22,2
DA:23,2
DA:25,2
LF:20
LH:18
BRDA:6,0,0,2
BRDA:7,1,0,0
BRDA:7,1,1,2
BRDA:12,2,0,0
BRDA:12,2,1,2
BRDA:22,3,0,2
BRDA:22,3,1,0
BRF:7
BRH:4
end_of_record
TN:
SF:home/david/impargo/impargo-apps/src/views/UserActionSignup/index.tsx
FN:44,(anonymous_8)
FN:66,(anonymous_9)
FN:80,(anonymous_10)
FN:86,(anonymous_11)
FN:105,(anonymous_12)
FN:114,(anonymous_14)
FN:122,(anonymous_15)
FN:249,(anonymous_16)
FN:262,(anonymous_17)
FNF:9
FNH:8
FNDA:20,(anonymous_8)
FNDA:1,(anonymous_9)
FNDA:1,(anonymous_10)
FNDA:1,(anonymous_11)
FNDA:2,(anonymous_12)
FNDA:9,(anonymous_14)
FNDA:3,(anonymous_15)
FNDA:4,(anonymous_16)
FNDA:0,(anonymous_17)
DA:1,1
DA:2,1
DA:3,1
DA:4,1
DA:5,1
DA:6,1
DA:7,1
DA:8,1
DA:9,1
DA:10,1
DA:11,1
DA:12,1
DA:13,1
DA:14,1
DA:15,1
DA:16,1
DA:18,1
DA:19,1
DA:21,1
DA:22,1
DA:23,1
DA:24,1
DA:25,1
DA:26,1
DA:27,1
DA:28,1
DA:29,1
DA:30,1
DA:31,1
DA:32,1
DA:33,1
DA:44,1
DA:45,20
DA:46,20
DA:47,20
DA:48,20
DA:49,20
DA:50,20
DA:51,20
DA:52,20
DA:53,20
DA:54,20
DA:56,20
DA:65,20
DA:67,1
DA:68,1
DA:69,1
DA:70,1
DA:76,1
DA:77,1
DA:81,1
DA:85,20
DA:87,1
DA:94,1
DA:96,1
DA:97,1
DA:98,1
DA:99,1
DA:100,1
DA:106,2
DA:107,2
DA:114,20
DA:115,9
DA:118,20
DA:129,3
DA:130,3
DA:131,3
DA:143,3
DA:144,3
DA:249,1
DA:250,4
DA:252,4
DA:262,0
DA:271,1
LF:74
LH:73
BRDA:51,0,0,20
BRDA:58,1,0,20
BRDA:58,1,1,0
BRDA:58,2,0,20
BRDA:58,2,1,20
BRDA:60,3,0,20
BRDA:60,3,1,0
BRDA:60,4,0,20
BRDA:60,4,1,20
BRDA:61,5,0,20
BRDA:61,5,1,0
BRDA:61,6,0,20
BRDA:61,6,1,20
BRDA:67,7,0,1
BRDA:67,7,1,0
BRDA:67,8,0,0
BRDA:67,8,1,1
BRDA:67,9,0,1
BRDA:67,9,1,1
BRDA:73,10,0,0
BRDA:73,10,1,1
BRDA:73,11,0,1
BRDA:73,11,1,1
BRDA:76,12,0,1
BRDA:76,12,1,1
BRDA:76,13,0,0
BRDA:76,13,1,1
BRDA:76,14,0,1
BRDA:76,14,1,1
BRDA:94,15,0,1
BRDA:94,15,1,1
BRDA:98,16,0,1
BRDA:98,16,1,1
BRDA:98,16,2,1
BRDA:98,17,0,1
BRDA:98,17,1,0
BRDA:99,18,0,1
BRDA:99,18,1,0
BRDA:102,19,0,0
BRDA:102,19,1,1
BRDA:106,20,0,2
BRDA:106,20,1,0
BRDA:115,21,0,0
BRDA:115,21,1,9
BRDA:212,22,0,20
BRDA:212,22,1,6
BRDA:212,22,2,0
BRDA:256,23,0,4
BRDA:256,23,1,0
BRF:49
BRH:35
end_of_record
TN:
SF:home/david/impargo/impargo-apps/src/views/UserActionUpdate/index.tsx
FN:39,(anonymous_8)
FN:86,(anonymous_9)
FN:92,(anonymous_10)
FN:92,(anonymous_11)
FNF:4
FNH:3
FNDA:26,(anonymous_8)
FNDA:0,(anonymous_9)
FNDA:2,(anonymous_10)
FNDA:2,(anonymous_11)
DA:1,1
DA:3,1
DA:4,1
DA:5,1
DA:6,1
DA:7,1
DA:8,1
DA:9,1
DA:10,1
DA:11,1
DA:12,1
DA:13,1
DA:14,1
DA:17,1
DA:21,1
DA:22,1
DA:23,1
DA:24,1
DA:25,1
DA:26,1
DA:27,1
DA:28,1
DA:29,1
DA:30,1
DA:39,1
DA:40,26
DA:41,26
DA:42,26
DA:43,26
DA:46,26
DA:49,26
DA:52,26
DA:55,26
DA:58,26
DA:59,26
DA:60,15
DA:62,11
DA:63,11
DA:64,11
DA:76,11
DA:86,0
DA:92,2
DA:93,2
DA:94,2
DA:95,1
DA:97,2
DA:98,2
DA:102,2
DA:103,2
DA:184,1
LF:50
LH:49
BRDA:59,0,0,15
BRDA:59,0,1,11
BRDA:59,1,0,26
BRDA:59,1,1,21
BRDA:59,1,2,16
BRDA:62,2,0,0
BRDA:62,2,1,11
BRDA:62,3,0,11
BRDA:62,3,1,11
BRDA:63,4,0,11
BRDA:63,4,1,0
BRDA:63,5,0,0
BRDA:63,5,1,11
BRDA:63,6,0,11
BRDA:63,6,1,11
BRDA:66,7,0,11
BRDA:66,7,1,0
BRDA:72,8,0,11
BRDA:72,8,1,0
BRDA:72,9,0,0
BRDA:72,9,1,11
BRDA:72,10,0,11
BRDA:72,10,1,11
BRDA:72,11,0,0
BRDA:72,11,1,11
BRDA:72,12,0,11
BRDA:72,12,1,11
BRDA:80,13,0,11
BRDA:80,13,1,0
BRDA:94,14,0,1
BRDA:94,14,1,1
BRDA:166,15,0,11
BRDA:166,15,1,0
BRDA:173,16,0,11
BRDA:173,16,1,9
BRF:35
BRH:26
end_of_record
